2025-10-06 19:28:48,275 - INFO - Sistema inicializado com usuários de exemplo.
2025-10-06 19:29:19,269 - INFO - Nenhum usuário autenticado. Encerrando o sistema.
2025-10-06 19:56:39,784 - INFO - Iniciando em MODO SIMULADOR.
2025-10-06 19:56:39,798 - INFO - Sistema inicializado com usuários de exemplo.
2025-10-06 19:57:00,642 - INFO - Nenhum usuário autenticado. Encerrando o sistema.
2025-10-06 20:07:46,894 - INFO - Iniciando em MODO SIMULADOR.
2025-10-06 20:07:46,907 - INFO - Sistema inicializado com usuários de exemplo.
2025-10-06 20:10:51,810 - INFO - Nenhum usuário autenticado. Encerrando o sistema.
2025-10-06 20:29:25,038 - INFO - Iniciando em MODO SIMULADOR.
2025-10-06 20:29:25,051 - INFO - Sistema inicializado com usuários de exemplo.
2025-10-06 20:30:57,878 - WARNING - Cartão inválido/não autorizado: 1234
2025-10-06 20:31:04,026 - INFO - Cartão validado: João Silva (12345)
2025-10-06 20:31:04,083 - WARNING - Não foi possível carregar 'logo_senai.png': [Errno 2] No such file or directory: 'logo_senai.png'
2025-10-06 20:46:31,079 - INFO - Iniciando em MODO SIMULADOR.
2025-10-06 20:46:31,094 - INFO - Sistema inicializado com usuários de exemplo.
2025-10-06 20:46:36,623 - WARNING - Cartão inválido/não autorizado: 1234
2025-10-06 20:46:40,523 - INFO - Cartão validado: João Silva (12345)
2025-10-06 20:46:40,579 - WARNING - Não foi possível carregar 'logo_senai.png': [Errno 2] No such file or directory: 'logo_senai.png'
2025-10-06 20:49:10,150 - INFO - Iniciando em MODO SIMULADOR.
2025-10-06 20:49:10,163 - INFO - Sistema inicializado com usuários de exemplo.
2025-10-06 20:50:42,005 - INFO - Nenhum usuário autenticado. Encerrando o sistema.
2025-10-06 20:54:10,308 - INFO - Iniciando em MODO SIMULADOR.
2025-10-06 20:54:10,320 - INFO - Sistema inicializado com usuários de exemplo.
2025-10-06 20:54:44,137 - WARNING - Cartão inválido/não autorizado: 1234
2025-10-06 20:54:46,952 - INFO - Cartão validado: João Silva (12345)
2025-10-06 20:54:47,011 - WARNING - Não foi possível carregar 'logo_senai.png': [Errno 2] No such file or directory: 'logo_senai.png'
2025-10-06 21:10:55,822 - INFO - Sistema inicializado com usuários de exemplo.
2025-10-06 21:11:02,563 - WARNING - Cartão inválido/não autorizado: F2980B20
2025-10-06 21:11:11,777 - WARNING - Cartão inválido/não autorizado: F2C4C820
2025-10-06 21:11:55,836 - INFO - Cartão validado: João Silva (12345)
2025-10-06 21:11:55,886 - WARNING - Não foi possível carregar 'logo_senai.png': [Errno 2] No such file or directory: 'logo_senai.png'
2025-10-06 21:12:08,501 - INFO - Sistema inicializado com usuários de exemplo.
2025-10-06 21:12:11,491 - WARNING - Cartão inválido/não autorizado: 1234
2025-10-06 21:12:15,359 - INFO - Cartão validado: João Silva (12345)
2025-10-06 21:12:15,421 - WARNING - Não foi possível carregar 'logo_senai.png': [Errno 2] No such file or directory: 'logo_senai.png'
2025-10-06 21:15:25,458 - INFO - Sistema inicializado com usuários de exemplo.
2025-10-06 21:15:28,618 - WARNING - Cartão inválido/não autorizado: 1234
2025-10-06 21:15:31,537 - INFO - Cartão validado: João Silva (12345)
2025-10-06 21:15:31,601 - WARNING - Não foi possível carregar 'logo_senai.png': [Errno 2] No such file or directory: 'logo_senai.png'
2025-10-06 21:15:56,997 - WARNING - Cartão inválido/não autorizado: F2980B20
2025-10-06 21:16:44,461 - INFO - Sistema encerrado pelo usuário.
2025-10-06 21:16:49,354 - INFO - Sistema inicializado com usuários de exemplo.
2025-10-06 21:16:50,717 - INFO - Cartão validado: Samuel (F2980B20)
2025-10-06 21:16:50,786 - WARNING - Não foi possível carregar 'logo_senai.png': [Errno 2] No such file or directory: 'logo_senai.png'
2025-10-06 21:17:11,580 - INFO - Sistema encerrado pelo usuário.
2025-10-06 21:17:16,531 - INFO - Sistema inicializado com usuários de exemplo.
2025-10-06 21:17:20,724 - WARNING - Cartão inválido/não autorizado: 1234
2025-10-06 21:17:23,790 - WARNING - Cartão inválido/não autorizado: 1234
2025-10-06 21:17:42,440 - INFO - Cartão validado: João Silva (12345)
2025-10-06 21:17:42,492 - WARNING - Não foi possível carregar 'logo_senai.png': [Errno 2] No such file or directory: 'logo_senai.png'
2025-10-06 21:17:47,173 - WARNING - Cartão inválido/não autorizado: 5123
2025-10-06 21:18:18,449 - WARNING - Cartão inválido/não autorizado: F2C4C820
2025-10-06 21:18:32,962 - INFO - Sistema encerrado pelo usuário.
2025-10-06 21:18:37,934 - INFO - Sistema inicializado com usuários de exemplo.
2025-10-06 21:18:39,560 - INFO - Cartão validado: Silvio (F2C4C820)
2025-10-06 21:18:39,621 - WARNING - Não foi possível carregar 'logo_senai.png': [Errno 2] No such file or directory: 'logo_senai.png'
2025-10-06 21:18:51,051 - INFO - Sistema encerrado pelo usuário.
2025-10-06 21:25:06,392 - INFO - Sistema inicializado com usuários de exemplo.
2025-10-06 21:25:09,315 - INFO - Cartão validado: Silvio (F2C4C820)
2025-10-06 21:25:09,384 - WARNING - Não foi possível carregar 'logo_senai.png': [Errno 2] No such file or directory: 'logo_senai.png'
2025-10-06 21:25:17,479 - INFO - Sistema encerrado pelo usuário.
2025-10-06 21:25:22,200 - INFO - Sistema inicializado com usuários de exemplo.
2025-10-06 21:25:26,134 - WARNING - Cartão inválido/não autorizado: 1234
2025-10-06 21:25:29,449 - WARNING - Cartão inválido/não autorizado: 1234
2025-10-06 21:26:00,364 - INFO - Nenhum usuário autenticado. Encerrando o sistema.
2025-10-06 21:26:05,984 - INFO - Sistema inicializado com usuários de exemplo.
2025-10-06 21:26:10,434 - WARNING - Cartão inválido/não autorizado: 1234
2025-10-06 21:26:14,260 - INFO - Cartão validado: Samuel (F2980B20)
2025-10-06 21:26:14,327 - WARNING - Não foi possível carregar 'logo_senai.png': [Errno 2] No such file or directory: 'logo_senai.png'
2025-10-06 21:26:19,815 - INFO - Sistema encerrado pelo usuário.
2025-10-06 21:26:56,495 - INFO - Sistema inicializado com usuários de exemplo.
2025-10-06 21:27:00,180 - INFO - Cartão validado: João Silva (1234)
2025-10-06 21:27:00,244 - WARNING - Não foi possível carregar 'logo_senai.png': [Errno 2] No such file or directory: 'logo_senai.png'
2025-10-06 21:27:15,868 - INFO - MODO MANUTENÇÃO: Admin João Silva abrindo todas as gavetas.
2025-10-06 21:27:16,632 - WARNING - Status inconsistente - Gaveta 1: HW=False, SW=True
2025-10-06 21:27:16,633 - WARNING - Status inconsistente - Gaveta 2: HW=False, SW=True
2025-10-06 21:27:16,633 - WARNING - Status inconsistente - Gaveta 3: HW=False, SW=True
2025-10-06 21:27:16,633 - WARNING - Status inconsistente - Gaveta 4: HW=False, SW=True
2025-10-06 21:27:16,633 - WARNING - Status inconsistente - Gaveta 5: HW=False, SW=True
2025-10-06 21:27:26,682 - WARNING - Status inconsistente - Gaveta 1: HW=False, SW=True
2025-10-06 21:27:26,682 - WARNING - Status inconsistente - Gaveta 2: HW=False, SW=True
2025-10-06 21:27:26,682 - WARNING - Status inconsistente - Gaveta 3: HW=False, SW=True
2025-10-06 21:27:26,683 - WARNING - Status inconsistente - Gaveta 4: HW=False, SW=True
2025-10-06 21:27:26,683 - WARNING - Status inconsistente - Gaveta 5: HW=False, SW=True
2025-10-06 21:27:36,730 - WARNING - Status inconsistente - Gaveta 1: HW=False, SW=True
2025-10-06 21:27:36,731 - WARNING - Status inconsistente - Gaveta 2: HW=False, SW=True
2025-10-06 21:27:36,731 - WARNING - Status inconsistente - Gaveta 3: HW=False, SW=True
2025-10-06 21:27:36,731 - WARNING - Status inconsistente - Gaveta 4: HW=False, SW=True
2025-10-06 21:27:36,732 - WARNING - Status inconsistente - Gaveta 5: HW=False, SW=True
2025-10-06 21:27:46,780 - WARNING - Status inconsistente - Gaveta 1: HW=False, SW=True
2025-10-06 21:27:46,780 - WARNING - Status inconsistente - Gaveta 2: HW=False, SW=True
2025-10-06 21:27:46,780 - WARNING - Status inconsistente - Gaveta 3: HW=False, SW=True
2025-10-06 21:27:46,781 - WARNING - Status inconsistente - Gaveta 4: HW=False, SW=True
2025-10-06 21:27:46,781 - WARNING - Status inconsistente - Gaveta 5: HW=False, SW=True
2025-10-06 21:27:56,828 - WARNING - Status inconsistente - Gaveta 1: HW=False, SW=True
2025-10-06 21:27:56,829 - WARNING - Status inconsistente - Gaveta 2: HW=False, SW=True
2025-10-06 21:27:56,829 - WARNING - Status inconsistente - Gaveta 3: HW=False, SW=True
2025-10-06 21:27:56,829 - WARNING - Status inconsistente - Gaveta 4: HW=False, SW=True
2025-10-06 21:27:56,830 - WARNING - Status inconsistente - Gaveta 5: HW=False, SW=True
2025-10-06 21:28:06,877 - WARNING - Status inconsistente - Gaveta 1: HW=False, SW=True
2025-10-06 21:28:06,878 - WARNING - Status inconsistente - Gaveta 2: HW=False, SW=True
2025-10-06 21:28:06,879 - WARNING - Status inconsistente - Gaveta 3: HW=False, SW=True
2025-10-06 21:28:06,879 - WARNING - Status inconsistente - Gaveta 4: HW=False, SW=True
2025-10-06 21:28:06,879 - WARNING - Status inconsistente - Gaveta 5: HW=False, SW=True
2025-10-06 21:28:16,928 - WARNING - Status inconsistente - Gaveta 1: HW=False, SW=True
2025-10-06 21:28:16,928 - WARNING - Status inconsistente - Gaveta 2: HW=False, SW=True
2025-10-06 21:28:16,928 - WARNING - Status inconsistente - Gaveta 3: HW=False, SW=True
2025-10-06 21:28:16,928 - WARNING - Status inconsistente - Gaveta 4: HW=False, SW=True
2025-10-06 21:28:16,929 - WARNING - Status inconsistente - Gaveta 5: HW=False, SW=True
2025-10-06 21:28:26,976 - WARNING - Status inconsistente - Gaveta 1: HW=False, SW=True
2025-10-06 21:28:26,977 - WARNING - Status inconsistente - Gaveta 2: HW=False, SW=True
2025-10-06 21:28:26,977 - WARNING - Status inconsistente - Gaveta 3: HW=False, SW=True
2025-10-06 21:28:26,978 - WARNING - Status inconsistente - Gaveta 4: HW=False, SW=True
2025-10-06 21:28:26,978 - WARNING - Status inconsistente - Gaveta 5: HW=False, SW=True
2025-10-06 21:28:29,482 - INFO - Sistema encerrado pelo usuário.
2025-10-06 21:28:34,940 - INFO - Sistema inicializado com usuários de exemplo.
2025-10-06 21:28:38,618 - INFO - Cartão validado: Silvio (F2C4C820)
2025-10-06 21:28:38,677 - WARNING - Não foi possível carregar 'logo_senai.png': [Errno 2] No such file or directory: 'logo_senai.png'
2025-10-06 21:28:44,722 - INFO - Cartão validado: Silvio (F2C4C820)
2025-10-06 21:28:44,728 - INFO - Gaveta 2 aberta por Silvio (F2C4C820)
2025-10-06 21:28:44,728 - INFO - Possível retirada de peças da Gaveta 2 por Silvio
2025-10-06 21:28:44,977 - WARNING - Status inconsistente - Gaveta 2: HW=False, SW=True
2025-10-06 21:28:55,025 - WARNING - Status inconsistente - Gaveta 2: HW=False, SW=True
2025-10-06 21:28:58,168 - INFO - Gaveta 2 fechada
2025-10-06 21:28:58,168 - INFO - Possível devolução de peças da Gaveta 2
2025-10-06 21:29:10,133 - INFO - Cartão validado: Silvio (F2C4C820)
2025-10-06 21:29:10,138 - INFO - Gaveta 4 aberta por Silvio (F2C4C820)
2025-10-06 21:29:10,138 - INFO - Possível retirada de peças da Gaveta 4 por Silvio
2025-10-06 21:29:15,121 - WARNING - Status inconsistente - Gaveta 4: HW=False, SW=True
2025-10-06 21:29:15,506 - INFO - Retirada registrada: 1 unidades da peça 8 por usuário F2C4C820
2025-10-06 21:29:18,333 - INFO - Gaveta 4 fechada
2025-10-06 21:29:18,333 - INFO - Possível devolução de peças da Gaveta 4
2025-10-06 21:29:23,841 - INFO - Cartão validado: Silvio (F2C4C820)
2025-10-06 21:29:23,847 - INFO - Gaveta 2 aberta por Silvio (F2C4C820)
2025-10-06 21:29:23,847 - INFO - Possível retirada de peças da Gaveta 2 por Silvio
2025-10-06 21:29:25,169 - WARNING - Status inconsistente - Gaveta 2: HW=False, SW=True
2025-10-06 21:29:29,268 - INFO - Retirada registrada: 1 unidades da peça 4 por usuário F2C4C820
2025-10-06 21:29:30,551 - INFO - Gaveta 2 fechada
2025-10-06 21:29:30,551 - INFO - Possível devolução de peças da Gaveta 2
2025-10-06 21:29:37,023 - INFO - Cartão validado: Silvio (F2C4C820)
2025-10-06 21:29:37,029 - INFO - Gaveta 2 aberta por Silvio (F2C4C820)
2025-10-06 21:29:37,029 - INFO - Possível retirada de peças da Gaveta 2 por Silvio
2025-10-06 21:29:45,266 - WARNING - Status inconsistente - Gaveta 2: HW=False, SW=True
2025-10-06 21:29:52,451 - INFO - Retirada registrada: 1 unidades da peça 92 por usuário F2C4C820
2025-10-06 21:29:53,694 - INFO - Gaveta 2 fechada
2025-10-06 21:29:53,695 - INFO - Possível devolução de peças da Gaveta 2
2025-10-06 21:31:31,884 - INFO - Devolução registrada: 1 unidades para retirada 14
2025-10-06 21:31:37,363 - INFO - Devolução registrada: 1 unidades para retirada 15
2025-10-06 21:31:41,355 - INFO - Devolução registrada: 1 unidades para retirada 16
2025-10-06 21:31:49,268 - INFO - Sistema encerrado pelo usuário.
2025-10-06 21:35:09,207 - INFO - Sistema inicializado com usuários de exemplo.
2025-10-06 21:35:14,200 - WARNING - Cartão inválido/não autorizado: 7777
2025-10-06 21:35:19,843 - INFO - Cartão validado: João Silva (1234)
2025-10-06 21:35:19,908 - WARNING - Não foi possível carregar 'logo_senai.png': [Errno 2] No such file or directory: 'logo_senai.png'
2025-10-06 21:35:43,701 - INFO - Cartão validado: João Silva (1234)
2025-10-06 21:35:43,707 - INFO - Gaveta 2 aberta por João Silva (1234)
2025-10-06 21:35:43,708 - INFO - Possível retirada de peças da Gaveta 2 por João Silva
2025-10-06 21:35:49,453 - WARNING - Status inconsistente - Gaveta 2: HW=False, SW=True
2025-10-06 21:35:50,160 - INFO - Retirada registrada: 1 unidades da peça 47 por usuário 1234
2025-10-06 21:35:51,562 - INFO - Gaveta 2 fechada
2025-10-06 21:35:51,563 - INFO - Possível devolução de peças da Gaveta 2
2025-10-06 21:35:56,556 - INFO - Cartão validado: João Silva (1234)
2025-10-06 21:35:56,562 - INFO - Gaveta 4 aberta por João Silva (1234)
2025-10-06 21:35:56,562 - INFO - Possível retirada de peças da Gaveta 4 por João Silva
2025-10-06 21:35:59,501 - WARNING - Status inconsistente - Gaveta 4: HW=False, SW=True
2025-10-06 21:36:00,809 - INFO - Retirada registrada: 1 unidades da peça 14 por usuário 1234
2025-10-06 21:36:03,605 - INFO - Gaveta 4 fechada
2025-10-06 21:36:03,605 - INFO - Possível devolução de peças da Gaveta 4
2025-10-06 21:36:08,093 - INFO - Cartão validado: João Silva (1234)
2025-10-06 21:36:08,099 - INFO - Gaveta 4 aberta por João Silva (1234)
2025-10-06 21:36:08,100 - INFO - Possível retirada de peças da Gaveta 4 por João Silva
2025-10-06 21:36:09,549 - WARNING - Status inconsistente - Gaveta 4: HW=False, SW=True
2025-10-06 21:36:13,222 - INFO - Retirada registrada: 1 unidades da peça 15 por usuário 1234
2025-10-06 21:36:14,561 - INFO - Gaveta 4 fechada
2025-10-06 21:36:14,561 - INFO - Possível devolução de peças da Gaveta 4
2025-10-06 21:37:22,744 - INFO - Cartão validado: João Silva (1234)
2025-10-06 21:37:22,749 - INFO - Gaveta 1 aberta por João Silva (1234)
2025-10-06 21:37:22,750 - INFO - Possível retirada de peças da Gaveta 1 por João Silva
2025-10-06 21:37:29,939 - WARNING - Status inconsistente - Gaveta 1: HW=False, SW=True
2025-10-06 21:37:32,743 - INFO - Retirada registrada: 2 unidades da peça 67 por usuário 1234
2025-10-06 21:37:35,783 - INFO - Gaveta 1 fechada
2025-10-06 21:37:35,783 - INFO - Possível devolução de peças da Gaveta 1
2025-10-06 21:37:41,707 - INFO - Cartão validado: João Silva (1234)
2025-10-06 21:37:41,713 - INFO - Gaveta 2 aberta por João Silva (1234)
2025-10-06 21:37:41,713 - INFO - Possível retirada de peças da Gaveta 2 por João Silva
2025-10-06 21:37:50,035 - WARNING - Status inconsistente - Gaveta 2: HW=False, SW=True
2025-10-06 21:38:00,083 - WARNING - Status inconsistente - Gaveta 2: HW=False, SW=True
2025-10-06 21:38:05,103 - INFO - Gaveta 2 fechada
2025-10-06 21:38:05,103 - INFO - Possível devolução de peças da Gaveta 2
2025-10-06 21:38:18,339 - INFO - Cartão validado: João Silva (1234)
2025-10-06 21:38:18,345 - INFO - Gaveta 4 aberta por João Silva (1234)
2025-10-06 21:38:18,346 - INFO - Possível retirada de peças da Gaveta 4 por João Silva
2025-10-06 21:38:20,178 - WARNING - Status inconsistente - Gaveta 4: HW=False, SW=True
2025-10-06 21:38:24,652 - INFO - Retirada registrada: 4 unidades da peça 6 por usuário 1234
2025-10-06 21:38:26,356 - INFO - Gaveta 4 fechada
2025-10-06 21:38:26,357 - INFO - Possível devolução de peças da Gaveta 4
2025-10-06 21:38:31,149 - INFO - Cartão validado: João Silva (1234)
2025-10-06 21:38:31,155 - INFO - Gaveta 4 aberta por João Silva (1234)
2025-10-06 21:38:31,156 - INFO - Possível retirada de peças da Gaveta 4 por João Silva
2025-10-06 21:38:40,274 - WARNING - Status inconsistente - Gaveta 4: HW=False, SW=True
2025-10-06 21:38:44,104 - INFO - Retirada registrada: 7 unidades da peça 8 por usuário 1234
2025-10-06 21:38:45,469 - INFO - Gaveta 4 fechada
2025-10-06 21:38:45,469 - INFO - Possível devolução de peças da Gaveta 4
2025-10-06 21:38:48,878 - INFO - Cartão validado: João Silva (1234)
2025-10-06 21:38:48,884 - INFO - Gaveta 4 aberta por João Silva (1234)
2025-10-06 21:38:48,884 - INFO - Possível retirada de peças da Gaveta 4 por João Silva
2025-10-06 21:38:50,322 - WARNING - Status inconsistente - Gaveta 4: HW=False, SW=True
2025-10-06 21:39:00,244 - INFO - Gaveta 4 fechada
2025-10-06 21:39:00,245 - INFO - Possível devolução de peças da Gaveta 4
2025-10-06 21:39:52,884 - INFO - Devolução registrada: 1 unidades para retirada 22
2025-10-06 21:39:57,674 - INFO - Sistema encerrado pelo usuário.
2025-10-06 21:46:34,182 - INFO - Sistema inicializado com usuários de exemplo.
2025-10-06 21:46:39,929 - INFO - Cartão validado: Silvio (F2C4C820)
2025-10-06 21:47:21,250 - INFO - Sistema encerrado pelo usuário.
2025-10-06 21:47:30,538 - INFO - Sistema inicializado com usuários de exemplo.
2025-10-06 21:47:34,772 - INFO - Cartão validado: Silvio (F2C4C820)
2025-10-06 21:47:48,236 - INFO - Sistema encerrado pelo usuário.
2025-10-06 21:47:53,040 - INFO - Sistema inicializado com usuários de exemplo.
2025-10-06 21:47:58,583 - INFO - Nenhum usuário autenticado. Encerrando o sistema.
