2026-03-09 20:05:06,103 - INFO - Sistema inicializado com usuários de exemplo.
2026-03-09 20:05:30,964 - INFO - Sistema inicializado com usuários de exemplo.
2026-03-09 20:08:27,300 - INFO - Sistema inicializado com usuários de exemplo.
2026-03-09 20:09:01,019 - INFO - Nenhum usuário autenticado. Encerrando o sistema.
2026-03-09 20:09:09,711 - INFO - Sistema inicializado com usuários de exemplo.
2026-03-09 20:09:34,293 - WARNING - Cartăo inválido/năo autorizado: 12345
2026-03-09 20:09:38,382 - INFO - Cartăo validado: Joăo Silva (1234)
2026-03-09 20:09:50,054 - INFO - Usuário Joăo Silva deslogou manualmente.
2026-03-09 20:09:50,068 - INFO - Sistema encerrado pelo usuário ou por inatividade.
2026-03-09 20:09:52,890 - INFO - Sistema inicializado com usuários de exemplo.
2026-03-09 20:11:49,061 - INFO - Sistema inicializado com usuários de exemplo.
2026-03-09 20:11:57,031 - WARNING - Cartăo inválido/năo autorizado: F2980B20
2026-03-09 20:13:25,215 - INFO - Sistema inicializado com usuários de exemplo.
2026-03-09 20:13:38,210 - INFO - Cartăo validado: Silvio (F2C4C820)
2026-03-09 20:13:57,701 - INFO - Cartăo validado: Silvio (F2C4C820)
2026-03-09 20:13:57,706 - INFO - Gaveta 5 aberta por Silvio (F2C4C820)
2026-03-09 20:13:57,707 - INFO - Possível retirada de peças da Gaveta 5 por Silvio
2026-03-09 20:13:57,714 - WARNING - Estoque insuficiente para peça 73: disponível 0
2026-03-09 20:14:05,570 - WARNING - Status inconsistente - Gaveta 5: HW=False, SW=True
2026-03-09 20:14:15,644 - WARNING - Status inconsistente - Gaveta 5: HW=False, SW=True
2026-03-09 20:14:25,716 - WARNING - Status inconsistente - Gaveta 5: HW=False, SW=True
2026-03-09 20:14:35,789 - WARNING - Status inconsistente - Gaveta 5: HW=False, SW=True
2026-03-09 20:14:45,862 - WARNING - Status inconsistente - Gaveta 5: HW=False, SW=True
2026-03-09 20:14:46,445 - INFO - Cartăo validado: Silvio (F2C4C820)
2026-03-09 20:14:46,446 - INFO - Gaveta 5 já está aberta ou bloqueada, năo pode abrir novamente.
2026-03-09 20:14:55,934 - WARNING - Status inconsistente - Gaveta 5: HW=False, SW=True
2026-03-09 20:15:06,007 - WARNING - Status inconsistente - Gaveta 5: HW=False, SW=True
2026-03-09 20:15:16,080 - WARNING - Status inconsistente - Gaveta 5: HW=False, SW=True
2026-03-09 20:15:26,153 - WARNING - Status inconsistente - Gaveta 5: HW=False, SW=True
2026-03-09 20:15:36,226 - WARNING - Status inconsistente - Gaveta 5: HW=False, SW=True
2026-03-09 20:15:36,310 - INFO - Usuário deslogado por inatividade.
2026-03-09 20:15:39,171 - INFO - Sistema encerrado pelo usuário ou por inatividade.
2026-03-09 20:15:41,494 - INFO - Sistema inicializado com usuários de exemplo.
2026-03-09 20:15:43,215 - INFO - Nenhum usuário autenticado. Encerrando o sistema.
2026-03-09 20:37:50,368 - INFO - Migraçăo: Formatando usuários para adicionar hash_credencial.
2026-03-09 20:37:50,372 - INFO - Admin padrăo criado. PIN: 1234
2026-03-09 20:37:52,428 - INFO - Sistema inicializado com usuários de exemplo.
2026-03-09 20:38:05,372 - WARNING - Cartăo inválido/năo autorizado: F2C4C820
2026-03-09 20:38:21,792 - INFO - Cartăo validado: Admin Padrăo (f31fdf517762454c91a3bc2eccccc887)
2026-03-09 20:38:32,611 - WARNING - Cartăo inválido/năo autorizado: F2980B20
2026-03-09 20:39:19,248 - INFO - Usuário Admin Padrăo deslogou manualmente.
2026-03-09 20:39:19,249 - INFO - Sistema encerrado pelo usuário ou por inatividade.
2026-03-09 20:39:21,950 - INFO - Sistema inicializado com usuários de exemplo.
2026-03-09 20:39:22,303 - WARNING - Cartăo inválido/năo autorizado: F2C4C820
2026-03-09 20:39:38,184 - INFO - Cartăo validado: Admin Padrăo (f31fdf517762454c91a3bc2eccccc887)
2026-03-09 20:39:58,218 - INFO - Cartăo validado: William Brito (7896b0ccd27848bcb5165dda885bdbcf)
2026-03-09 20:40:50,259 - WARNING - Cartăo inválido/năo autorizado: f31fdf517762454c91a3bc2eccccc887
2026-03-09 20:40:50,259 - WARNING - Tentativa de acesso negada - Gaveta: 5, Motivo: Cartăo năo autorizado
2026-03-09 20:42:02,041 - INFO - Usuário deslogado por inatividade.
2026-03-09 20:42:21,199 - INFO - Sistema encerrado pelo usuário ou por inatividade.
2026-03-09 20:42:23,506 - INFO - Sistema inicializado com usuários de exemplo.
2026-03-09 20:58:34,830 - INFO - Sistema inicializado com usuários de exemplo.
2026-03-09 20:58:39,010 - WARNING - Cartăo inválido/năo autorizado: F2C4C820
2026-03-09 20:59:00,180 - INFO - Cartăo/Sessăo validado: Joăo Silva (1234)
2026-03-09 20:59:36,938 - ERROR - Erro ao remover usuário 7896b0ccd27848bcb5165dda885bdbcf: 'DatabaseManager' object has no attribute 'anonimizar_usuario'
2026-03-09 20:59:56,731 - ERROR - Erro ao remover usuário 1234: 'DatabaseManager' object has no attribute 'anonimizar_usuario'
2026-03-09 20:59:57,591 - INFO - Cartăo/Sessăo validado: William Brito (7896b0ccd27848bcb5165dda885bdbcf)
2026-03-09 21:00:12,110 - WARNING - Cartăo inválido/năo autorizado: F2C4C820
2026-03-09 21:00:43,386 - INFO - Usuário Joăo Silva deslogou manualmente.
2026-03-09 21:00:43,387 - INFO - Sistema encerrado pelo usuário ou por inatividade.
2026-03-09 21:00:46,047 - INFO - Sistema inicializado com usuários de exemplo.
2026-03-09 21:00:46,162 - INFO - Cartăo/Sessăo validado: Luiz José (83fc6d2c120b4525ab747d135315fc56)
2026-03-09 21:01:10,222 - INFO - Cartăo/Sessăo validado: Luiz José (83fc6d2c120b4525ab747d135315fc56)
2026-03-09 21:01:10,228 - INFO - Gaveta 5 aberta por Luiz José (83fc6d2c120b4525ab747d135315fc56)
2026-03-09 21:01:10,228 - INFO - Possível retirada de peças da Gaveta 5 por Luiz José
2026-03-09 21:01:10,248 - WARNING - Estoque insuficiente para peça 73: disponível 0
2026-03-09 21:01:16,317 - WARNING - Status inconsistente - Gaveta 5: HW=False, SW=True
2026-03-09 21:01:26,390 - WARNING - Status inconsistente - Gaveta 5: HW=False, SW=True
2026-03-09 21:01:28,863 - INFO - Cartăo/Sessăo validado: Luiz José (83fc6d2c120b4525ab747d135315fc56)
2026-03-09 21:01:28,863 - INFO - Gaveta 5 já está aberta ou bloqueada, năo pode abrir novamente.
2026-03-09 21:01:36,464 - WARNING - Status inconsistente - Gaveta 5: HW=False, SW=True
2026-03-09 21:01:36,675 - INFO - Usuário Luiz José deslogou manualmente.
2026-03-09 21:01:36,676 - INFO - Sistema encerrado pelo usuário ou por inatividade.
2026-03-09 21:01:38,784 - INFO - Sistema inicializado com usuários de exemplo.
2026-03-09 21:01:42,926 - INFO - Cartăo/Sessăo validado: Luiz José (83fc6d2c120b4525ab747d135315fc56)
2026-03-09 21:01:46,465 - WARNING - Status inconsistente - Gaveta 5: HW=False, SW=True
2026-03-09 21:01:48,683 - INFO - Cartăo/Sessăo validado: Luiz José (83fc6d2c120b4525ab747d135315fc56)
2026-03-09 21:01:48,689 - INFO - Gaveta 5 aberta por Luiz José (83fc6d2c120b4525ab747d135315fc56)
2026-03-09 21:01:48,689 - INFO - Possível retirada de peças da Gaveta 5 por Luiz José
2026-03-09 21:01:48,711 - WARNING - Estoque insuficiente para peça 73: disponível 0
2026-03-09 21:01:48,921 - WARNING - Status inconsistente - Gaveta 5: HW=False, SW=True
2026-03-09 21:01:56,465 - WARNING - Status inconsistente - Gaveta 5: HW=False, SW=True
2026-03-09 21:01:58,994 - WARNING - Status inconsistente - Gaveta 5: HW=False, SW=True
2026-03-09 21:02:06,467 - WARNING - Status inconsistente - Gaveta 5: HW=False, SW=True
2026-03-09 21:02:09,067 - WARNING - Status inconsistente - Gaveta 5: HW=False, SW=True
2026-03-09 21:02:16,468 - WARNING - Status inconsistente - Gaveta 5: HW=False, SW=True
2026-03-09 21:02:19,140 - WARNING - Status inconsistente - Gaveta 5: HW=False, SW=True
2026-03-09 21:02:26,469 - WARNING - Status inconsistente - Gaveta 5: HW=False, SW=True
2026-03-09 21:02:29,213 - WARNING - Status inconsistente - Gaveta 5: HW=False, SW=True
2026-03-09 21:02:36,471 - WARNING - Status inconsistente - Gaveta 5: HW=False, SW=True
2026-03-09 21:02:39,286 - WARNING - Status inconsistente - Gaveta 5: HW=False, SW=True
2026-03-09 21:02:46,472 - WARNING - Status inconsistente - Gaveta 5: HW=False, SW=True
2026-03-09 21:02:49,360 - WARNING - Status inconsistente - Gaveta 5: HW=False, SW=True
2026-03-09 21:02:53,410 - INFO - Usuário Luiz José deslogou manualmente.
2026-03-09 21:02:53,411 - INFO - Sistema encerrado pelo usuário ou por inatividade.
2026-03-09 21:02:55,691 - INFO - Sistema inicializado com usuários de exemplo.
2026-03-09 21:02:56,045 - INFO - Cartăo/Sessăo validado: William Brito (7896b0ccd27848bcb5165dda885bdbcf)
2026-03-09 21:02:56,472 - WARNING - Status inconsistente - Gaveta 5: HW=False, SW=True
2026-03-09 21:02:59,361 - WARNING - Status inconsistente - Gaveta 5: HW=False, SW=True
2026-03-09 21:03:06,473 - WARNING - Status inconsistente - Gaveta 5: HW=False, SW=True
2026-03-09 21:03:09,362 - WARNING - Status inconsistente - Gaveta 5: HW=False, SW=True
2026-03-09 21:03:16,186 - INFO - Usuário William Brito deslogou manualmente.
2026-03-09 21:03:16,186 - INFO - Sistema encerrado pelo usuário ou por inatividade.
2026-03-09 21:03:16,475 - WARNING - Status inconsistente - Gaveta 5: HW=False, SW=True
2026-03-09 21:03:19,168 - INFO - Sistema inicializado com usuários de exemplo.
2026-03-09 21:03:19,363 - WARNING - Status inconsistente - Gaveta 5: HW=False, SW=True
2026-03-09 21:03:21,034 - INFO - Nenhum usuário autenticado. Encerrando o sistema.
2026-03-09 21:19:25,220 - INFO - Sistema inicializado com usuários de exemplo.
2026-03-09 21:19:33,525 - INFO - Cartăo/Sessăo validado: Luiz José (83fc6d2c120b4525ab747d135315fc56)
2026-03-09 21:20:11,062 - INFO - Usuário Luiz José deslogou manualmente.
2026-03-09 21:20:11,062 - INFO - Sistema encerrado pelo usuário ou por inatividade.
2026-03-09 21:20:13,801 - INFO - Sistema inicializado com usuários de exemplo.
2026-03-09 21:20:16,661 - INFO - Cartăo/Sessăo validado: William Brito (7896b0ccd27848bcb5165dda885bdbcf)
2026-03-09 21:21:21,447 - ERROR - Erro ao remover usuário 7896b0ccd27848bcb5165dda885bdbcf: 'DatabaseManager' object has no attribute 'anonimizar_usuario'
2026-03-09 21:22:15,326 - INFO - MODO MANUTENÇĂO: Admin William Brito abrindo todas as gavetas.
2026-03-09 21:22:24,802 - WARNING - Status inconsistente - Gaveta 1: HW=False, SW=True
2026-03-09 21:22:24,803 - WARNING - Status inconsistente - Gaveta 2: HW=False, SW=True
2026-03-09 21:22:24,804 - WARNING - Status inconsistente - Gaveta 3: HW=False, SW=True
2026-03-09 21:22:24,805 - WARNING - Status inconsistente - Gaveta 4: HW=False, SW=True
2026-03-09 21:22:24,806 - WARNING - Status inconsistente - Gaveta 5: HW=False, SW=True
2026-03-09 21:22:24,806 - WARNING - Status inconsistente - Gaveta 6: HW=False, SW=True
2026-03-09 21:22:24,807 - WARNING - Status inconsistente - Gaveta 7: HW=False, SW=True
2026-03-09 21:22:34,880 - WARNING - Status inconsistente - Gaveta 1: HW=False, SW=True
2026-03-09 21:22:34,881 - WARNING - Status inconsistente - Gaveta 2: HW=False, SW=True
2026-03-09 21:22:34,881 - WARNING - Status inconsistente - Gaveta 3: HW=False, SW=True
2026-03-09 21:22:34,881 - WARNING - Status inconsistente - Gaveta 4: HW=False, SW=True
2026-03-09 21:22:34,881 - WARNING - Status inconsistente - Gaveta 5: HW=False, SW=True
2026-03-09 21:22:34,882 - WARNING - Status inconsistente - Gaveta 6: HW=False, SW=True
2026-03-09 21:22:34,882 - WARNING - Status inconsistente - Gaveta 7: HW=False, SW=True
2026-03-09 21:22:44,955 - WARNING - Status inconsistente - Gaveta 1: HW=False, SW=True
2026-03-09 21:22:44,955 - WARNING - Status inconsistente - Gaveta 2: HW=False, SW=True
2026-03-09 21:22:44,955 - WARNING - Status inconsistente - Gaveta 3: HW=False, SW=True
2026-03-09 21:22:44,955 - WARNING - Status inconsistente - Gaveta 4: HW=False, SW=True
2026-03-09 21:22:44,955 - WARNING - Status inconsistente - Gaveta 5: HW=False, SW=True
2026-03-09 21:22:44,956 - WARNING - Status inconsistente - Gaveta 6: HW=False, SW=True
2026-03-09 21:22:44,956 - WARNING - Status inconsistente - Gaveta 7: HW=False, SW=True
2026-03-09 21:22:55,029 - WARNING - Status inconsistente - Gaveta 1: HW=False, SW=True
2026-03-09 21:22:55,030 - WARNING - Status inconsistente - Gaveta 2: HW=False, SW=True
2026-03-09 21:22:55,030 - WARNING - Status inconsistente - Gaveta 3: HW=False, SW=True
2026-03-09 21:22:55,030 - WARNING - Status inconsistente - Gaveta 4: HW=False, SW=True
2026-03-09 21:22:55,031 - WARNING - Status inconsistente - Gaveta 5: HW=False, SW=True
2026-03-09 21:22:55,031 - WARNING - Status inconsistente - Gaveta 6: HW=False, SW=True
2026-03-09 21:22:55,031 - WARNING - Status inconsistente - Gaveta 7: HW=False, SW=True
2026-03-09 21:23:05,104 - WARNING - Status inconsistente - Gaveta 1: HW=False, SW=True
2026-03-09 21:23:05,104 - WARNING - Status inconsistente - Gaveta 2: HW=False, SW=True
2026-03-09 21:23:05,104 - WARNING - Status inconsistente - Gaveta 3: HW=False, SW=True
2026-03-09 21:23:05,105 - WARNING - Status inconsistente - Gaveta 4: HW=False, SW=True
2026-03-09 21:23:05,105 - WARNING - Status inconsistente - Gaveta 5: HW=False, SW=True
2026-03-09 21:23:05,105 - WARNING - Status inconsistente - Gaveta 6: HW=False, SW=True
2026-03-09 21:23:05,105 - WARNING - Status inconsistente - Gaveta 7: HW=False, SW=True
2026-03-09 21:23:15,178 - WARNING - Status inconsistente - Gaveta 1: HW=False, SW=True
2026-03-09 21:23:15,178 - WARNING - Status inconsistente - Gaveta 2: HW=False, SW=True
2026-03-09 21:23:15,178 - WARNING - Status inconsistente - Gaveta 3: HW=False, SW=True
2026-03-09 21:23:15,178 - WARNING - Status inconsistente - Gaveta 4: HW=False, SW=True
2026-03-09 21:23:15,179 - WARNING - Status inconsistente - Gaveta 5: HW=False, SW=True
2026-03-09 21:23:15,179 - WARNING - Status inconsistente - Gaveta 6: HW=False, SW=True
2026-03-09 21:23:15,179 - WARNING - Status inconsistente - Gaveta 7: HW=False, SW=True
2026-03-09 21:23:25,252 - WARNING - Status inconsistente - Gaveta 1: HW=False, SW=True
2026-03-09 21:23:25,253 - WARNING - Status inconsistente - Gaveta 2: HW=False, SW=True
2026-03-09 21:23:25,253 - WARNING - Status inconsistente - Gaveta 3: HW=False, SW=True
2026-03-09 21:23:25,253 - WARNING - Status inconsistente - Gaveta 4: HW=False, SW=True
2026-03-09 21:23:25,253 - WARNING - Status inconsistente - Gaveta 5: HW=False, SW=True
2026-03-09 21:23:25,253 - WARNING - Status inconsistente - Gaveta 6: HW=False, SW=True
2026-03-09 21:23:25,254 - WARNING - Status inconsistente - Gaveta 7: HW=False, SW=True
2026-03-09 21:23:35,327 - WARNING - Status inconsistente - Gaveta 1: HW=False, SW=True
2026-03-09 21:23:35,327 - WARNING - Status inconsistente - Gaveta 2: HW=False, SW=True
2026-03-09 21:23:35,328 - WARNING - Status inconsistente - Gaveta 3: HW=False, SW=True
2026-03-09 21:23:35,328 - WARNING - Status inconsistente - Gaveta 4: HW=False, SW=True
2026-03-09 21:23:35,329 - WARNING - Status inconsistente - Gaveta 5: HW=False, SW=True
2026-03-09 21:23:35,329 - WARNING - Status inconsistente - Gaveta 6: HW=False, SW=True
2026-03-09 21:23:35,330 - WARNING - Status inconsistente - Gaveta 7: HW=False, SW=True
2026-03-09 21:23:45,402 - WARNING - Status inconsistente - Gaveta 1: HW=False, SW=True
2026-03-09 21:23:45,403 - WARNING - Status inconsistente - Gaveta 2: HW=False, SW=True
2026-03-09 21:23:45,403 - WARNING - Status inconsistente - Gaveta 3: HW=False, SW=True
2026-03-09 21:23:45,403 - WARNING - Status inconsistente - Gaveta 4: HW=False, SW=True
2026-03-09 21:23:45,403 - WARNING - Status inconsistente - Gaveta 5: HW=False, SW=True
2026-03-09 21:23:45,404 - WARNING - Status inconsistente - Gaveta 6: HW=False, SW=True
2026-03-09 21:23:45,404 - WARNING - Status inconsistente - Gaveta 7: HW=False, SW=True
2026-03-09 21:23:50,287 - INFO - Usuário deslogado por inatividade.
2026-03-09 21:23:55,429 - INFO - Sistema encerrado pelo usuário ou por inatividade.
2026-03-09 21:23:55,474 - WARNING - Status inconsistente - Gaveta 1: HW=False, SW=True
2026-03-09 21:23:55,474 - WARNING - Status inconsistente - Gaveta 2: HW=False, SW=True
2026-03-09 21:23:55,474 - WARNING - Status inconsistente - Gaveta 3: HW=False, SW=True
2026-03-09 21:23:55,475 - WARNING - Status inconsistente - Gaveta 4: HW=False, SW=True
2026-03-09 21:23:55,475 - WARNING - Status inconsistente - Gaveta 5: HW=False, SW=True
2026-03-09 21:23:55,475 - WARNING - Status inconsistente - Gaveta 6: HW=False, SW=True
2026-03-09 21:23:55,476 - WARNING - Status inconsistente - Gaveta 7: HW=False, SW=True
2026-03-09 21:23:57,542 - INFO - Sistema inicializado com usuários de exemplo.
2026-03-09 21:24:05,476 - WARNING - Status inconsistente - Gaveta 1: HW=False, SW=True
2026-03-09 21:24:05,477 - WARNING - Status inconsistente - Gaveta 2: HW=False, SW=True
2026-03-09 21:24:05,477 - WARNING - Status inconsistente - Gaveta 3: HW=False, SW=True
2026-03-09 21:24:05,477 - WARNING - Status inconsistente - Gaveta 4: HW=False, SW=True
2026-03-09 21:24:05,477 - WARNING - Status inconsistente - Gaveta 5: HW=False, SW=True
2026-03-09 21:24:05,478 - WARNING - Status inconsistente - Gaveta 6: HW=False, SW=True
2026-03-09 21:24:05,478 - WARNING - Status inconsistente - Gaveta 7: HW=False, SW=True
2026-03-09 21:24:15,479 - WARNING - Status inconsistente - Gaveta 1: HW=False, SW=True
2026-03-09 21:24:15,479 - WARNING - Status inconsistente - Gaveta 2: HW=False, SW=True
2026-03-09 21:24:15,479 - WARNING - Status inconsistente - Gaveta 3: HW=False, SW=True
2026-03-09 21:24:15,480 - WARNING - Status inconsistente - Gaveta 4: HW=False, SW=True
2026-03-09 21:24:15,480 - WARNING - Status inconsistente - Gaveta 5: HW=False, SW=True
2026-03-09 21:24:15,481 - WARNING - Status inconsistente - Gaveta 6: HW=False, SW=True
2026-03-09 21:24:15,481 - WARNING - Status inconsistente - Gaveta 7: HW=False, SW=True
2026-03-09 21:24:25,482 - WARNING - Status inconsistente - Gaveta 1: HW=False, SW=True
2026-03-09 21:24:25,482 - WARNING - Status inconsistente - Gaveta 2: HW=False, SW=True
2026-03-09 21:24:25,482 - WARNING - Status inconsistente - Gaveta 3: HW=False, SW=True
2026-03-09 21:24:25,483 - WARNING - Status inconsistente - Gaveta 4: HW=False, SW=True
2026-03-09 21:24:25,483 - WARNING - Status inconsistente - Gaveta 5: HW=False, SW=True
2026-03-09 21:24:25,483 - WARNING - Status inconsistente - Gaveta 6: HW=False, SW=True
2026-03-09 21:24:25,483 - WARNING - Status inconsistente - Gaveta 7: HW=False, SW=True
2026-03-09 21:24:35,484 - WARNING - Status inconsistente - Gaveta 1: HW=False, SW=True
2026-03-09 21:24:35,484 - WARNING - Status inconsistente - Gaveta 2: HW=False, SW=True
2026-03-09 21:24:35,485 - WARNING - Status inconsistente - Gaveta 3: HW=False, SW=True
2026-03-09 21:24:35,485 - WARNING - Status inconsistente - Gaveta 4: HW=False, SW=True
2026-03-09 21:24:35,485 - WARNING - Status inconsistente - Gaveta 5: HW=False, SW=True
2026-03-09 21:24:35,485 - WARNING - Status inconsistente - Gaveta 6: HW=False, SW=True
2026-03-09 21:24:35,486 - WARNING - Status inconsistente - Gaveta 7: HW=False, SW=True
2026-03-09 21:24:45,486 - WARNING - Status inconsistente - Gaveta 1: HW=False, SW=True
2026-03-09 21:24:45,486 - WARNING - Status inconsistente - Gaveta 2: HW=False, SW=True
2026-03-09 21:24:45,487 - WARNING - Status inconsistente - Gaveta 3: HW=False, SW=True
2026-03-09 21:24:45,487 - WARNING - Status inconsistente - Gaveta 4: HW=False, SW=True
2026-03-09 21:24:45,487 - WARNING - Status inconsistente - Gaveta 5: HW=False, SW=True
2026-03-09 21:24:45,487 - WARNING - Status inconsistente - Gaveta 6: HW=False, SW=True
2026-03-09 21:24:45,488 - WARNING - Status inconsistente - Gaveta 7: HW=False, SW=True
2026-03-09 21:24:55,488 - WARNING - Status inconsistente - Gaveta 1: HW=False, SW=True
2026-03-09 21:24:55,489 - WARNING - Status inconsistente - Gaveta 2: HW=False, SW=True
2026-03-09 21:24:55,490 - WARNING - Status inconsistente - Gaveta 3: HW=False, SW=True
2026-03-09 21:24:55,490 - WARNING - Status inconsistente - Gaveta 4: HW=False, SW=True
2026-03-09 21:24:55,491 - WARNING - Status inconsistente - Gaveta 5: HW=False, SW=True
2026-03-09 21:24:55,491 - WARNING - Status inconsistente - Gaveta 6: HW=False, SW=True
2026-03-09 21:24:55,492 - WARNING - Status inconsistente - Gaveta 7: HW=False, SW=True
2026-03-09 21:25:05,493 - WARNING - Status inconsistente - Gaveta 1: HW=False, SW=True
2026-03-09 21:25:05,493 - WARNING - Status inconsistente - Gaveta 2: HW=False, SW=True
2026-03-09 21:25:05,493 - WARNING - Status inconsistente - Gaveta 3: HW=False, SW=True
2026-03-09 21:25:05,493 - WARNING - Status inconsistente - Gaveta 4: HW=False, SW=True
2026-03-09 21:25:05,493 - WARNING - Status inconsistente - Gaveta 5: HW=False, SW=True
2026-03-09 21:25:05,494 - WARNING - Status inconsistente - Gaveta 6: HW=False, SW=True
2026-03-09 21:25:05,494 - WARNING - Status inconsistente - Gaveta 7: HW=False, SW=True
2026-03-09 21:25:15,495 - WARNING - Status inconsistente - Gaveta 1: HW=False, SW=True
2026-03-09 21:25:15,496 - WARNING - Status inconsistente - Gaveta 2: HW=False, SW=True
2026-03-09 21:25:15,497 - WARNING - Status inconsistente - Gaveta 3: HW=False, SW=True
2026-03-09 21:25:15,497 - WARNING - Status inconsistente - Gaveta 4: HW=False, SW=True
2026-03-09 21:25:15,498 - WARNING - Status inconsistente - Gaveta 5: HW=False, SW=True
2026-03-09 21:25:15,499 - WARNING - Status inconsistente - Gaveta 6: HW=False, SW=True
2026-03-09 21:25:15,500 - WARNING - Status inconsistente - Gaveta 7: HW=False, SW=True
2026-03-09 21:25:25,501 - WARNING - Status inconsistente - Gaveta 1: HW=False, SW=True
2026-03-09 21:25:25,501 - WARNING - Status inconsistente - Gaveta 2: HW=False, SW=True
2026-03-09 21:25:25,502 - WARNING - Status inconsistente - Gaveta 3: HW=False, SW=True
2026-03-09 21:25:25,503 - WARNING - Status inconsistente - Gaveta 4: HW=False, SW=True
2026-03-09 21:25:25,504 - WARNING - Status inconsistente - Gaveta 5: HW=False, SW=True
2026-03-09 21:25:25,504 - WARNING - Status inconsistente - Gaveta 6: HW=False, SW=True
2026-03-09 21:25:25,505 - WARNING - Status inconsistente - Gaveta 7: HW=False, SW=True
2026-03-09 21:25:35,506 - WARNING - Status inconsistente - Gaveta 1: HW=False, SW=True
2026-03-09 21:25:35,507 - WARNING - Status inconsistente - Gaveta 2: HW=False, SW=True
2026-03-09 21:25:35,507 - WARNING - Status inconsistente - Gaveta 3: HW=False, SW=True
2026-03-09 21:25:35,507 - WARNING - Status inconsistente - Gaveta 4: HW=False, SW=True
2026-03-09 21:25:35,507 - WARNING - Status inconsistente - Gaveta 5: HW=False, SW=True
2026-03-09 21:25:35,508 - WARNING - Status inconsistente - Gaveta 6: HW=False, SW=True
2026-03-09 21:25:35,508 - WARNING - Status inconsistente - Gaveta 7: HW=False, SW=True
2026-03-09 21:25:40,166 - INFO - Cartăo/Sessăo validado: William Brito (7896b0ccd27848bcb5165dda885bdbcf)
2026-03-09 21:25:45,508 - WARNING - Status inconsistente - Gaveta 1: HW=False, SW=True
2026-03-09 21:25:45,509 - WARNING - Status inconsistente - Gaveta 2: HW=False, SW=True
2026-03-09 21:25:45,509 - WARNING - Status inconsistente - Gaveta 3: HW=False, SW=True
2026-03-09 21:25:45,509 - WARNING - Status inconsistente - Gaveta 4: HW=False, SW=True
2026-03-09 21:25:45,510 - WARNING - Status inconsistente - Gaveta 5: HW=False, SW=True
2026-03-09 21:25:45,510 - WARNING - Status inconsistente - Gaveta 6: HW=False, SW=True
2026-03-09 21:25:45,510 - WARNING - Status inconsistente - Gaveta 7: HW=False, SW=True
2026-03-09 21:25:55,511 - WARNING - Status inconsistente - Gaveta 1: HW=False, SW=True
2026-03-09 21:25:55,512 - WARNING - Status inconsistente - Gaveta 2: HW=False, SW=True
2026-03-09 21:25:55,512 - WARNING - Status inconsistente - Gaveta 3: HW=False, SW=True
2026-03-09 21:25:55,512 - WARNING - Status inconsistente - Gaveta 4: HW=False, SW=True
2026-03-09 21:25:55,513 - WARNING - Status inconsistente - Gaveta 5: HW=False, SW=True
2026-03-09 21:25:55,513 - WARNING - Status inconsistente - Gaveta 6: HW=False, SW=True
2026-03-09 21:25:55,513 - WARNING - Status inconsistente - Gaveta 7: HW=False, SW=True
2026-03-09 21:26:05,514 - WARNING - Status inconsistente - Gaveta 1: HW=False, SW=True
2026-03-09 21:26:05,515 - WARNING - Status inconsistente - Gaveta 2: HW=False, SW=True
2026-03-09 21:26:05,515 - WARNING - Status inconsistente - Gaveta 3: HW=False, SW=True
2026-03-09 21:26:05,515 - WARNING - Status inconsistente - Gaveta 4: HW=False, SW=True
2026-03-09 21:26:05,515 - WARNING - Status inconsistente - Gaveta 5: HW=False, SW=True
2026-03-09 21:26:05,516 - WARNING - Status inconsistente - Gaveta 6: HW=False, SW=True
2026-03-09 21:26:05,516 - WARNING - Status inconsistente - Gaveta 7: HW=False, SW=True
2026-03-09 21:26:15,517 - WARNING - Status inconsistente - Gaveta 1: HW=False, SW=True
2026-03-09 21:26:15,518 - WARNING - Status inconsistente - Gaveta 2: HW=False, SW=True
2026-03-09 21:26:15,519 - WARNING - Status inconsistente - Gaveta 3: HW=False, SW=True
2026-03-09 21:26:15,520 - WARNING - Status inconsistente - Gaveta 4: HW=False, SW=True
2026-03-09 21:26:15,520 - WARNING - Status inconsistente - Gaveta 5: HW=False, SW=True
2026-03-09 21:26:15,521 - WARNING - Status inconsistente - Gaveta 6: HW=False, SW=True
2026-03-09 21:26:15,522 - WARNING - Status inconsistente - Gaveta 7: HW=False, SW=True
2026-03-09 21:26:25,523 - WARNING - Status inconsistente - Gaveta 1: HW=False, SW=True
2026-03-09 21:26:25,523 - WARNING - Status inconsistente - Gaveta 2: HW=False, SW=True
2026-03-09 21:26:25,523 - WARNING - Status inconsistente - Gaveta 3: HW=False, SW=True
2026-03-09 21:26:25,524 - WARNING - Status inconsistente - Gaveta 4: HW=False, SW=True
2026-03-09 21:26:25,524 - WARNING - Status inconsistente - Gaveta 5: HW=False, SW=True
2026-03-09 21:26:25,524 - WARNING - Status inconsistente - Gaveta 6: HW=False, SW=True
2026-03-09 21:26:25,525 - WARNING - Status inconsistente - Gaveta 7: HW=False, SW=True
2026-03-09 21:26:35,525 - WARNING - Status inconsistente - Gaveta 1: HW=False, SW=True
2026-03-09 21:26:35,526 - WARNING - Status inconsistente - Gaveta 2: HW=False, SW=True
2026-03-09 21:26:35,526 - WARNING - Status inconsistente - Gaveta 3: HW=False, SW=True
2026-03-09 21:26:35,526 - WARNING - Status inconsistente - Gaveta 4: HW=False, SW=True
2026-03-09 21:26:35,527 - WARNING - Status inconsistente - Gaveta 5: HW=False, SW=True
2026-03-09 21:26:35,527 - WARNING - Status inconsistente - Gaveta 6: HW=False, SW=True
2026-03-09 21:26:35,527 - WARNING - Status inconsistente - Gaveta 7: HW=False, SW=True
2026-03-09 21:26:45,528 - WARNING - Status inconsistente - Gaveta 1: HW=False, SW=True
2026-03-09 21:26:45,529 - WARNING - Status inconsistente - Gaveta 2: HW=False, SW=True
2026-03-09 21:26:45,530 - WARNING - Status inconsistente - Gaveta 3: HW=False, SW=True
2026-03-09 21:26:45,531 - WARNING - Status inconsistente - Gaveta 4: HW=False, SW=True
2026-03-09 21:26:45,532 - WARNING - Status inconsistente - Gaveta 5: HW=False, SW=True
2026-03-09 21:26:45,533 - WARNING - Status inconsistente - Gaveta 6: HW=False, SW=True
2026-03-09 21:26:45,533 - WARNING - Status inconsistente - Gaveta 7: HW=False, SW=True
2026-03-09 21:26:55,534 - WARNING - Status inconsistente - Gaveta 1: HW=False, SW=True
2026-03-09 21:26:55,535 - WARNING - Status inconsistente - Gaveta 2: HW=False, SW=True
2026-03-09 21:26:55,535 - WARNING - Status inconsistente - Gaveta 3: HW=False, SW=True
2026-03-09 21:26:55,535 - WARNING - Status inconsistente - Gaveta 4: HW=False, SW=True
2026-03-09 21:26:55,535 - WARNING - Status inconsistente - Gaveta 5: HW=False, SW=True
2026-03-09 21:26:55,536 - WARNING - Status inconsistente - Gaveta 6: HW=False, SW=True
2026-03-09 21:26:55,536 - WARNING - Status inconsistente - Gaveta 7: HW=False, SW=True
2026-03-09 21:27:05,537 - WARNING - Status inconsistente - Gaveta 1: HW=False, SW=True
2026-03-09 21:27:05,537 - WARNING - Status inconsistente - Gaveta 2: HW=False, SW=True
2026-03-09 21:27:05,538 - WARNING - Status inconsistente - Gaveta 3: HW=False, SW=True
2026-03-09 21:27:05,539 - WARNING - Status inconsistente - Gaveta 4: HW=False, SW=True
2026-03-09 21:27:05,540 - WARNING - Status inconsistente - Gaveta 5: HW=False, SW=True
2026-03-09 21:27:05,541 - WARNING - Status inconsistente - Gaveta 6: HW=False, SW=True
2026-03-09 21:27:05,542 - WARNING - Status inconsistente - Gaveta 7: HW=False, SW=True
2026-03-09 21:27:15,543 - WARNING - Status inconsistente - Gaveta 1: HW=False, SW=True
2026-03-09 21:27:15,544 - WARNING - Status inconsistente - Gaveta 2: HW=False, SW=True
2026-03-09 21:27:15,545 - WARNING - Status inconsistente - Gaveta 3: HW=False, SW=True
2026-03-09 21:27:15,546 - WARNING - Status inconsistente - Gaveta 4: HW=False, SW=True
2026-03-09 21:27:15,547 - WARNING - Status inconsistente - Gaveta 5: HW=False, SW=True
2026-03-09 21:27:15,548 - WARNING - Status inconsistente - Gaveta 6: HW=False, SW=True
2026-03-09 21:27:15,549 - WARNING - Status inconsistente - Gaveta 7: HW=False, SW=True
2026-03-09 21:27:18,597 - INFO - Usuário deslogado por inatividade.
2026-03-09 21:27:25,550 - WARNING - Status inconsistente - Gaveta 1: HW=False, SW=True
2026-03-09 21:27:25,551 - WARNING - Status inconsistente - Gaveta 2: HW=False, SW=True
2026-03-09 21:27:25,552 - WARNING - Status inconsistente - Gaveta 3: HW=False, SW=True
2026-03-09 21:27:25,553 - WARNING - Status inconsistente - Gaveta 4: HW=False, SW=True
2026-03-09 21:27:25,554 - WARNING - Status inconsistente - Gaveta 5: HW=False, SW=True
2026-03-09 21:27:25,554 - WARNING - Status inconsistente - Gaveta 6: HW=False, SW=True
2026-03-09 21:27:25,555 - WARNING - Status inconsistente - Gaveta 7: HW=False, SW=True
2026-03-09 21:27:35,556 - WARNING - Status inconsistente - Gaveta 1: HW=False, SW=True
2026-03-09 21:27:35,556 - WARNING - Status inconsistente - Gaveta 2: HW=False, SW=True
2026-03-09 21:27:35,557 - WARNING - Status inconsistente - Gaveta 3: HW=False, SW=True
2026-03-09 21:27:35,557 - WARNING - Status inconsistente - Gaveta 4: HW=False, SW=True
2026-03-09 21:27:35,557 - WARNING - Status inconsistente - Gaveta 5: HW=False, SW=True
2026-03-09 21:27:35,557 - WARNING - Status inconsistente - Gaveta 6: HW=False, SW=True
2026-03-09 21:27:35,557 - WARNING - Status inconsistente - Gaveta 7: HW=False, SW=True
2026-03-09 21:27:38,389 - INFO - Sistema encerrado pelo usuário ou por inatividade.
2026-03-09 21:27:41,404 - INFO - Sistema inicializado com usuários de exemplo.
2026-03-09 21:27:45,559 - WARNING - Status inconsistente - Gaveta 1: HW=False, SW=True
2026-03-09 21:27:45,561 - WARNING - Status inconsistente - Gaveta 2: HW=False, SW=True
2026-03-09 21:27:45,562 - WARNING - Status inconsistente - Gaveta 3: HW=False, SW=True
2026-03-09 21:27:45,562 - WARNING - Status inconsistente - Gaveta 4: HW=False, SW=True
2026-03-09 21:27:45,563 - WARNING - Status inconsistente - Gaveta 5: HW=False, SW=True
2026-03-09 21:27:45,564 - WARNING - Status inconsistente - Gaveta 6: HW=False, SW=True
2026-03-09 21:27:45,565 - WARNING - Status inconsistente - Gaveta 7: HW=False, SW=True
2026-03-09 21:27:55,566 - WARNING - Status inconsistente - Gaveta 1: HW=False, SW=True
2026-03-09 21:27:55,567 - WARNING - Status inconsistente - Gaveta 2: HW=False, SW=True
2026-03-09 21:27:55,568 - WARNING - Status inconsistente - Gaveta 3: HW=False, SW=True
2026-03-09 21:27:55,569 - WARNING - Status inconsistente - Gaveta 4: HW=False, SW=True
2026-03-09 21:27:55,569 - WARNING - Status inconsistente - Gaveta 5: HW=False, SW=True
2026-03-09 21:27:55,570 - WARNING - Status inconsistente - Gaveta 6: HW=False, SW=True
2026-03-09 21:27:55,571 - WARNING - Status inconsistente - Gaveta 7: HW=False, SW=True
2026-03-09 21:28:05,571 - WARNING - Status inconsistente - Gaveta 1: HW=False, SW=True
2026-03-09 21:28:05,572 - WARNING - Status inconsistente - Gaveta 2: HW=False, SW=True
2026-03-09 21:28:05,572 - WARNING - Status inconsistente - Gaveta 3: HW=False, SW=True
2026-03-09 21:28:05,572 - WARNING - Status inconsistente - Gaveta 4: HW=False, SW=True
2026-03-09 21:28:05,572 - WARNING - Status inconsistente - Gaveta 5: HW=False, SW=True
2026-03-09 21:28:05,572 - WARNING - Status inconsistente - Gaveta 6: HW=False, SW=True
2026-03-09 21:28:05,573 - WARNING - Status inconsistente - Gaveta 7: HW=False, SW=True
2026-03-09 21:28:15,574 - WARNING - Status inconsistente - Gaveta 1: HW=False, SW=True
2026-03-09 21:28:15,574 - WARNING - Status inconsistente - Gaveta 2: HW=False, SW=True
2026-03-09 21:28:15,574 - WARNING - Status inconsistente - Gaveta 3: HW=False, SW=True
2026-03-09 21:28:15,575 - WARNING - Status inconsistente - Gaveta 4: HW=False, SW=True
2026-03-09 21:28:15,575 - WARNING - Status inconsistente - Gaveta 5: HW=False, SW=True
2026-03-09 21:28:15,575 - WARNING - Status inconsistente - Gaveta 6: HW=False, SW=True
2026-03-09 21:28:15,575 - WARNING - Status inconsistente - Gaveta 7: HW=False, SW=True
2026-03-09 21:28:25,576 - WARNING - Status inconsistente - Gaveta 1: HW=False, SW=True
2026-03-09 21:28:25,577 - WARNING - Status inconsistente - Gaveta 2: HW=False, SW=True
2026-03-09 21:28:25,578 - WARNING - Status inconsistente - Gaveta 3: HW=False, SW=True
2026-03-09 21:28:25,578 - WARNING - Status inconsistente - Gaveta 4: HW=False, SW=True
2026-03-09 21:28:25,579 - WARNING - Status inconsistente - Gaveta 5: HW=False, SW=True
2026-03-09 21:28:25,580 - WARNING - Status inconsistente - Gaveta 6: HW=False, SW=True
2026-03-09 21:28:25,581 - WARNING - Status inconsistente - Gaveta 7: HW=False, SW=True
2026-03-09 21:28:35,582 - WARNING - Status inconsistente - Gaveta 1: HW=False, SW=True
2026-03-09 21:28:35,583 - WARNING - Status inconsistente - Gaveta 2: HW=False, SW=True
2026-03-09 21:28:35,584 - WARNING - Status inconsistente - Gaveta 3: HW=False, SW=True
2026-03-09 21:28:35,585 - WARNING - Status inconsistente - Gaveta 4: HW=False, SW=True
2026-03-09 21:28:35,585 - WARNING - Status inconsistente - Gaveta 5: HW=False, SW=True
2026-03-09 21:28:35,586 - WARNING - Status inconsistente - Gaveta 6: HW=False, SW=True
2026-03-09 21:28:35,587 - WARNING - Status inconsistente - Gaveta 7: HW=False, SW=True
2026-03-09 21:28:45,588 - WARNING - Status inconsistente - Gaveta 1: HW=False, SW=True
2026-03-09 21:28:45,588 - WARNING - Status inconsistente - Gaveta 2: HW=False, SW=True
2026-03-09 21:28:45,588 - WARNING - Status inconsistente - Gaveta 3: HW=False, SW=True
2026-03-09 21:28:45,589 - WARNING - Status inconsistente - Gaveta 4: HW=False, SW=True
2026-03-09 21:28:45,589 - WARNING - Status inconsistente - Gaveta 5: HW=False, SW=True
2026-03-09 21:28:45,589 - WARNING - Status inconsistente - Gaveta 6: HW=False, SW=True
2026-03-09 21:28:45,589 - WARNING - Status inconsistente - Gaveta 7: HW=False, SW=True
2026-03-09 21:28:55,590 - WARNING - Status inconsistente - Gaveta 1: HW=False, SW=True
2026-03-09 21:28:55,591 - WARNING - Status inconsistente - Gaveta 2: HW=False, SW=True
2026-03-09 21:28:55,592 - WARNING - Status inconsistente - Gaveta 3: HW=False, SW=True
2026-03-09 21:28:55,593 - WARNING - Status inconsistente - Gaveta 4: HW=False, SW=True
2026-03-09 21:28:55,594 - WARNING - Status inconsistente - Gaveta 5: HW=False, SW=True
2026-03-09 21:28:55,594 - WARNING - Status inconsistente - Gaveta 6: HW=False, SW=True
2026-03-09 21:28:55,595 - WARNING - Status inconsistente - Gaveta 7: HW=False, SW=True
2026-03-09 21:29:05,596 - WARNING - Status inconsistente - Gaveta 1: HW=False, SW=True
2026-03-09 21:29:05,597 - WARNING - Status inconsistente - Gaveta 2: HW=False, SW=True
2026-03-09 21:29:05,597 - WARNING - Status inconsistente - Gaveta 3: HW=False, SW=True
2026-03-09 21:29:05,597 - WARNING - Status inconsistente - Gaveta 4: HW=False, SW=True
2026-03-09 21:29:05,597 - WARNING - Status inconsistente - Gaveta 5: HW=False, SW=True
2026-03-09 21:29:05,598 - WARNING - Status inconsistente - Gaveta 6: HW=False, SW=True
2026-03-09 21:29:05,598 - WARNING - Status inconsistente - Gaveta 7: HW=False, SW=True
2026-03-09 21:29:15,598 - WARNING - Status inconsistente - Gaveta 1: HW=False, SW=True
2026-03-09 21:29:15,599 - WARNING - Status inconsistente - Gaveta 2: HW=False, SW=True
2026-03-09 21:29:15,599 - WARNING - Status inconsistente - Gaveta 3: HW=False, SW=True
2026-03-09 21:29:15,600 - WARNING - Status inconsistente - Gaveta 4: HW=False, SW=True
2026-03-09 21:29:15,600 - WARNING - Status inconsistente - Gaveta 5: HW=False, SW=True
2026-03-09 21:29:15,600 - WARNING - Status inconsistente - Gaveta 6: HW=False, SW=True
2026-03-09 21:29:15,601 - WARNING - Status inconsistente - Gaveta 7: HW=False, SW=True
2026-03-09 21:29:25,601 - WARNING - Status inconsistente - Gaveta 1: HW=False, SW=True
2026-03-09 21:29:25,602 - WARNING - Status inconsistente - Gaveta 2: HW=False, SW=True
2026-03-09 21:29:25,603 - WARNING - Status inconsistente - Gaveta 3: HW=False, SW=True
2026-03-09 21:29:25,604 - WARNING - Status inconsistente - Gaveta 4: HW=False, SW=True
2026-03-09 21:29:25,605 - WARNING - Status inconsistente - Gaveta 5: HW=False, SW=True
2026-03-09 21:29:25,605 - WARNING - Status inconsistente - Gaveta 6: HW=False, SW=True
2026-03-09 21:29:25,606 - WARNING - Status inconsistente - Gaveta 7: HW=False, SW=True
2026-03-09 21:29:35,608 - WARNING - Status inconsistente - Gaveta 1: HW=False, SW=True
2026-03-09 21:29:35,608 - WARNING - Status inconsistente - Gaveta 2: HW=False, SW=True
2026-03-09 21:29:35,609 - WARNING - Status inconsistente - Gaveta 3: HW=False, SW=True
2026-03-09 21:29:35,609 - WARNING - Status inconsistente - Gaveta 4: HW=False, SW=True
2026-03-09 21:29:35,610 - WARNING - Status inconsistente - Gaveta 5: HW=False, SW=True
2026-03-09 21:29:35,611 - WARNING - Status inconsistente - Gaveta 6: HW=False, SW=True
2026-03-09 21:29:35,611 - WARNING - Status inconsistente - Gaveta 7: HW=False, SW=True
2026-03-09 21:29:45,612 - WARNING - Status inconsistente - Gaveta 1: HW=False, SW=True
2026-03-09 21:29:45,613 - WARNING - Status inconsistente - Gaveta 2: HW=False, SW=True
2026-03-09 21:29:45,614 - WARNING - Status inconsistente - Gaveta 3: HW=False, SW=True
2026-03-09 21:29:45,614 - WARNING - Status inconsistente - Gaveta 4: HW=False, SW=True
2026-03-09 21:29:45,615 - WARNING - Status inconsistente - Gaveta 5: HW=False, SW=True
2026-03-09 21:29:45,616 - WARNING - Status inconsistente - Gaveta 6: HW=False, SW=True
2026-03-09 21:29:45,616 - WARNING - Status inconsistente - Gaveta 7: HW=False, SW=True
2026-03-09 21:29:55,617 - WARNING - Status inconsistente - Gaveta 1: HW=False, SW=True
2026-03-09 21:29:55,618 - WARNING - Status inconsistente - Gaveta 2: HW=False, SW=True
2026-03-09 21:29:55,619 - WARNING - Status inconsistente - Gaveta 3: HW=False, SW=True
2026-03-09 21:29:55,620 - WARNING - Status inconsistente - Gaveta 4: HW=False, SW=True
2026-03-09 21:29:55,621 - WARNING - Status inconsistente - Gaveta 5: HW=False, SW=True
2026-03-09 21:29:55,622 - WARNING - Status inconsistente - Gaveta 6: HW=False, SW=True
2026-03-09 21:29:55,623 - WARNING - Status inconsistente - Gaveta 7: HW=False, SW=True
2026-03-09 21:30:05,624 - WARNING - Status inconsistente - Gaveta 1: HW=False, SW=True
2026-03-09 21:30:05,624 - WARNING - Status inconsistente - Gaveta 2: HW=False, SW=True
2026-03-09 21:30:05,625 - WARNING - Status inconsistente - Gaveta 3: HW=False, SW=True
2026-03-09 21:30:05,625 - WARNING - Status inconsistente - Gaveta 4: HW=False, SW=True
2026-03-09 21:30:05,625 - WARNING - Status inconsistente - Gaveta 5: HW=False, SW=True
2026-03-09 21:30:05,625 - WARNING - Status inconsistente - Gaveta 6: HW=False, SW=True
2026-03-09 21:30:05,625 - WARNING - Status inconsistente - Gaveta 7: HW=False, SW=True
2026-03-09 21:30:19,906 - INFO - Sistema inicializado com usuários de exemplo.
2026-03-09 21:30:25,446 - INFO - Cartăo/Sessăo validado: Joăo Silva (1234)
2026-03-09 21:31:48,273 - INFO - Usuário deslogado por inatividade.
2026-03-09 21:32:41,666 - INFO - Sistema encerrado pelo usuário ou por inatividade.
2026-03-09 21:32:44,246 - INFO - Sistema inicializado com usuários de exemplo.
2026-03-09 21:32:49,841 - INFO - Nenhum usuário autenticado. Encerrando o sistema.
2026-03-09 21:44:05,983 - INFO - Sistema inicializado com usuários de exemplo.
2026-03-09 21:44:31,944 - INFO - Cartăo/Sessăo validado: Luiz José (83fc6d2c120b4525ab747d135315fc56)
2026-03-09 21:44:53,345 - INFO - Usuário Luiz José deslogou manualmente.
2026-03-09 21:44:53,346 - INFO - Sistema encerrado pelo usuário ou por inatividade.
2026-03-09 21:44:55,607 - INFO - Sistema inicializado com usuários de exemplo.
2026-03-09 21:44:55,709 - INFO - Cartăo/Sessăo validado: William Brito (7896b0ccd27848bcb5165dda885bdbcf)
2026-03-09 21:47:27,966 - INFO - Usuário deslogado por inatividade.
2026-03-09 21:48:32,877 - INFO - Sistema encerrado pelo usuário ou por inatividade.
2026-03-09 21:48:35,440 - INFO - Sistema inicializado com usuários de exemplo.
2026-03-09 21:48:42,337 - INFO - Cartăo/Sessăo validado: Joăo Silva (1234)
2026-03-09 21:49:44,880 - INFO - Usuário deslogado por inatividade.
2026-03-09 21:50:31,359 - INFO - Sistema encerrado pelo usuário ou por inatividade.
2026-03-09 21:50:33,563 - INFO - Sistema inicializado com usuários de exemplo.
2026-03-09 21:52:55,484 - INFO - Sistema inicializado com usuários de exemplo.
2026-03-09 21:53:57,433 - INFO - Sistema inicializado com usuários de exemplo.
2026-03-09 21:54:06,266 - INFO - Cartăo/Sessăo validado: Luiz José (83fc6d2c120b4525ab747d135315fc56)
2026-03-09 21:54:28,581 - INFO - Cartăo/Sessăo validado: Luiz José (83fc6d2c120b4525ab747d135315fc56)
2026-03-09 21:54:28,587 - INFO - Gaveta 5 aberta por Luiz José (83fc6d2c120b4525ab747d135315fc56)
2026-03-09 21:54:28,587 - INFO - Possível retirada de peças da Gaveta 5 por Luiz José
2026-03-09 21:54:28,616 - INFO - Retirada registrada: 1 unidades da peça 73 por usuário 83fc6d2c120b4525ab747d135315fc56
2026-03-09 21:54:37,798 - WARNING - Status inconsistente - Gaveta 5: HW=False, SW=True
2026-03-09 21:54:46,207 - INFO - Gaveta 5 fechada
2026-03-09 21:54:46,207 - INFO - Possível devoluçăo de peças da Gaveta 5
2026-03-09 21:55:20,902 - INFO - Usuário Luiz José deslogou manualmente.
2026-03-09 21:55:20,903 - INFO - Sistema encerrado pelo usuário ou por inatividade.
2026-03-09 21:55:23,366 - INFO - Sistema inicializado com usuários de exemplo.
2026-03-09 21:55:28,803 - INFO - Cartăo/Sessăo validado: William Brito (7896b0ccd27848bcb5165dda885bdbcf)
2026-03-09 21:56:23,135 - INFO - Usuário William Brito deslogou manualmente.
2026-03-09 21:56:23,135 - INFO - Sistema encerrado pelo usuário ou por inatividade.
2026-03-09 21:56:26,028 - INFO - Sistema inicializado com usuários de exemplo.
