2025-10-07 21:10:00,202 - INFO - Sistema inicializado com usuários de exemplo.
2025-10-07 21:10:04,062 - INFO - Cartão validado: Silvio (F2C4C820)
2025-10-07 21:10:20,804 - INFO - Sistema encerrado pelo usuário.
2025-10-07 21:10:29,009 - INFO - Sistema inicializado com usuários de exemplo.
2025-10-07 21:10:30,662 - INFO - Cartão validado: Samuel (F2980B20)
2025-10-07 21:10:46,166 - INFO - Sistema encerrado pelo usuário.
2025-10-07 21:13:49,953 - INFO - Sistema inicializado com usuários de exemplo.
2025-10-07 21:13:53,148 - INFO - Cartão validado: João Silva (1234)
2025-10-07 21:14:08,403 - INFO - Sistema encerrado pelo usuário.
2025-10-07 21:14:14,361 - INFO - Sistema inicializado com usuários de exemplo.
2025-10-07 21:14:15,736 - INFO - Cartão validado: Silvio (F2C4C820)
2025-10-07 21:14:20,286 - INFO - Sistema encerrado pelo usuário.
2025-10-07 21:14:26,693 - INFO - Sistema inicializado com usuários de exemplo.
2025-10-07 21:14:28,332 - INFO - Cartão validado: Samuel (F2980B20)
2025-10-07 21:14:34,695 - INFO - Sistema encerrado pelo usuário.
2025-10-07 21:17:02,767 - INFO - Sistema inicializado com usuários de exemplo.
2025-10-07 21:18:51,836 - INFO - Cartão validado: João Silva (1234)
2025-10-07 21:19:26,253 - INFO - Sistema encerrado pelo usuário.
2025-10-07 21:19:32,347 - INFO - Sistema inicializado com usuários de exemplo.
2025-10-07 21:19:40,447 - INFO - Cartão validado: Silvio (F2C4C820)
2025-10-07 21:19:54,263 - INFO - Sistema encerrado pelo usuário.
2025-10-07 21:20:14,036 - INFO - Sistema inicializado com usuários de exemplo.
2025-10-07 21:20:36,490 - INFO - Cartão validado: Silvio (F2C4C820)
2025-10-07 21:20:53,356 - INFO - Sistema encerrado pelo usuário.
2025-10-07 21:20:55,769 - WARNING - Hardware real não conectado. Recaindo para o modo simulador.
2025-10-07 21:31:45,934 - WARNING - Hardware real não conectado. Recaindo para o modo simulador.
2025-10-07 21:31:45,947 - INFO - Sistema inicializado com usuários de exemplo.
2025-10-07 21:32:02,381 - INFO - Cartão validado: João Silva (1234)
2025-10-07 21:32:05,862 - INFO - Sistema encerrado pelo usuário.
2025-10-07 21:32:15,088 - WARNING - Hardware real não conectado. Recaindo para o modo simulador.
2025-10-07 21:32:15,101 - INFO - Sistema inicializado com usuários de exemplo.
2025-10-07 21:32:18,306 - INFO - Nenhum usuário autenticado. Encerrando o sistema.
2025-10-07 21:32:39,455 - WARNING - Hardware real não conectado. Recaindo para o modo simulador.
2025-10-07 21:32:39,468 - INFO - Sistema inicializado com usuários de exemplo.
2025-10-07 21:32:42,280 - INFO - Cartão validado: Silvio (F2C4C820)
2025-10-07 21:32:47,996 - INFO - Sistema encerrado pelo usuário.
2025-10-07 21:34:55,489 - WARNING - Hardware real não conectado. Recaindo para o modo simulador.
2025-10-07 21:34:55,504 - INFO - Sistema inicializado com usuários de exemplo.
2025-10-07 21:35:09,941 - INFO - Cartão validado: Silvio (F2C4C820)
2025-10-07 21:35:13,429 - INFO - Sistema encerrado pelo usuário.
2025-10-07 21:35:13,429 - INFO - Hardware simulado finalizado.
2025-10-07 21:35:13,465 - INFO - Hardware simulado finalizado.
2025-10-07 21:36:59,933 - INFO - Iniciando em MODO SIMULADOR.
2025-10-07 21:36:59,940 - INFO - Sistema inicializado com usuários de exemplo.
2025-10-07 21:37:05,726 - INFO - Nenhum usuário autenticado. Encerrando o sistema.
2025-10-07 21:37:05,726 - INFO - Hardware simulado finalizado.
2025-10-07 21:37:22,488 - INFO - Iniciando em MODO SIMULADOR.
2025-10-07 21:37:22,495 - INFO - Sistema inicializado com usuários de exemplo.
2025-10-07 21:37:37,477 - INFO - Nenhum usuário autenticado. Encerrando o sistema.
2025-10-07 21:37:37,478 - INFO - Hardware simulado finalizado.
2025-10-07 21:37:48,646 - INFO - Sistema inicializado com usuários de exemplo.
2025-10-07 21:37:51,083 - INFO - Cartão validado: Silvio (F2C4C820)
2025-10-07 21:37:57,986 - INFO - Sistema encerrado pelo usuário.
2025-10-07 21:38:02,767 - INFO - Sistema inicializado com usuários de exemplo.
2025-10-07 21:38:05,710 - INFO - Cartão validado: João Silva (1234)
2025-10-07 21:38:10,686 - INFO - Sistema encerrado pelo usuário.
2025-10-07 21:38:31,031 - INFO - Sistema inicializado com usuários de exemplo.
2025-10-07 21:38:36,280 - INFO - Cartão validado: Silvio (F2C4C820)
2025-10-07 21:38:41,204 - INFO - Sistema encerrado pelo usuário.
2025-10-07 21:38:44,947 - INFO - Sistema inicializado com usuários de exemplo.
2025-10-07 21:38:47,381 - INFO - Cartão validado: João Silva (1234)
2025-10-07 21:38:57,527 - INFO - Sistema encerrado pelo usuário.
2025-10-07 21:39:11,976 - INFO - Sistema inicializado com usuários de exemplo.
2025-10-07 21:39:14,130 - INFO - Cartão validado: Silvio (F2C4C820)
2025-10-07 21:40:01,165 - INFO - Sistema inicializado com usuários de exemplo.
2025-10-07 21:40:07,458 - INFO - Cartão validado: Silvio (F2C4C820)
2025-10-07 21:40:13,234 - INFO - Sistema encerrado pelo usuário.
2025-10-07 21:42:36,604 - INFO - Sistema inicializado com usuários de exemplo.
2025-10-07 21:42:41,322 - INFO - Cartão validado: Silvio (F2C4C820)
2025-10-07 21:44:34,742 - INFO - Cartão validado: Silvio (F2C4C820)
2025-10-07 21:44:34,749 - INFO - Gaveta 4 aberta por Silvio (F2C4C820)
2025-10-07 21:44:34,749 - INFO - Possível retirada de peças da Gaveta 4 por Silvio
2025-10-07 21:44:37,230 - WARNING - Status inconsistente - Gaveta 4: HW=False, SW=True
2025-10-07 21:44:44,405 - INFO - Retirada registrada: 5 unidades da peça 13 por usuário F2C4C820
2025-10-07 21:44:47,243 - INFO - Gaveta 4 fechada
2025-10-07 21:44:47,243 - INFO - Possível devolução de peças da Gaveta 4
