2026-03-10 19:52:56,851 - INFO - Sistema inicializado com usu·rios de exemplo.
2026-03-10 19:53:11,013 - INFO - Cart„o validado: Jo„o Silva (1234)
2026-03-10 19:55:52,733 - INFO - Usu·rio deslogado por inatividade.
2026-03-10 19:56:01,656 - INFO - Sistema encerrado pelo usu·rio ou por inatividade.
2026-03-10 19:56:01,704 - WARNING - Hardware real n„o conectado. Recaindo para o modo simulador.
2026-03-10 19:56:01,743 - INFO - Sistema inicializado com usu·rios de exemplo.
2026-03-10 20:15:16,580 - INFO - Nenhum usu·rio autenticado. Encerrando o sistema.
2026-03-10 20:15:17,989 - INFO - Hardware simulado finalizado.
2026-03-10 20:49:39,803 - WARNING - Hardware real n„o conectado. Recaindo para o modo simulador.
2026-03-10 20:49:39,841 - INFO - Sistema inicializado com usu·rios de exemplo.
2026-03-10 20:49:45,382 - INFO - Cart„o validado: Jo„o Silva (1234)
2026-03-10 20:51:11,739 - INFO - Usu·rio deslogado por inatividade.
2026-03-10 20:53:11,787 - INFO - Sistema encerrado pelo usu·rio ou por inatividade.
2026-03-10 20:53:11,787 - INFO - Hardware simulado finalizado.
2026-03-10 20:53:11,839 - WARNING - Hardware real n„o conectado. Recaindo para o modo simulador.
2026-03-10 20:53:11,867 - INFO - Sistema inicializado com usu·rios de exemplo.
2026-03-10 20:53:16,517 - INFO - Cart„o validado: Jo„o Silva (1234)
2026-03-10 20:54:50,758 - INFO - Usu·rio deslogado por inatividade.
2026-03-10 20:57:42,036 - INFO - Sistema encerrado pelo usu·rio ou por inatividade.
2026-03-10 20:57:42,036 - INFO - Hardware simulado finalizado.
2026-03-10 20:57:42,100 - WARNING - Hardware real n„o conectado. Recaindo para o modo simulador.
2026-03-10 20:57:42,126 - INFO - Sistema inicializado com usu·rios de exemplo.
2026-03-10 21:07:14,457 - INFO - Nenhum usu·rio autenticado. Encerrando o sistema.
2026-03-10 21:07:14,457 - INFO - Hardware simulado finalizado.
