2026-03-06 20:23:45,421 - WARNING - Hardware real n„o conectado. Recaindo para o modo simulador.
2026-03-06 20:23:45,440 - INFO - Sistema inicializado com usu·rios de exemplo.
2026-03-06 20:23:50,544 - INFO - Cart„o validado: Jo„o Silva (1234)
2026-03-06 20:24:57,199 - INFO - Usu·rio deslogado por inatividade.
2026-03-06 20:25:11,363 - INFO - Sistema encerrado pelo usu·rio ou por inatividade.
2026-03-06 20:25:11,364 - INFO - Hardware simulado finalizado.
2026-03-06 20:25:11,394 - WARNING - Hardware real n„o conectado. Recaindo para o modo simulador.
2026-03-06 20:25:11,416 - INFO - Sistema inicializado com usu·rios de exemplo.
2026-03-06 20:25:16,089 - INFO - Cart„o validado: Jo„o Silva (1234)
2026-03-06 20:26:39,929 - INFO - Usu·rio deslogado por inatividade.
2026-03-06 20:26:43,566 - INFO - Sistema encerrado pelo usu·rio ou por inatividade.
2026-03-06 20:26:43,566 - INFO - Hardware simulado finalizado.
2026-03-06 20:26:43,615 - WARNING - Hardware real n„o conectado. Recaindo para o modo simulador.
2026-03-06 20:26:43,636 - INFO - Sistema inicializado com usu·rios de exemplo.
2026-03-06 20:26:47,623 - INFO - Cart„o validado: Jo„o Silva (1234)
2026-03-06 20:27:20,108 - INFO - Cart„o validado: Jo„o Silva (1234)
2026-03-06 20:27:20,610 - INFO - Gaveta 1 aberta por Jo„o Silva (1234)
2026-03-06 20:27:20,610 - INFO - PossÌvel retirada de peÁas da Gaveta 1 por Jo„o Silva
2026-03-06 20:27:20,634 - INFO - Retirada registrada: 1 unidades da peÁa 1 por usu·rio 1234
2026-03-06 20:27:20,636 - WARNING - Estoque insuficiente para peÁa 2: disponÌvel 0
2026-03-06 20:27:20,636 - INFO - Cart„o validado: Jo„o Silva (1234)
2026-03-06 20:27:21,137 - INFO - Gaveta 5 aberta por Jo„o Silva (1234)
2026-03-06 20:27:21,137 - INFO - PossÌvel retirada de peÁas da Gaveta 5 por Jo„o Silva
2026-03-06 20:27:21,162 - INFO - Retirada registrada: 1 unidades da peÁa 75 por usu·rio 1234
2026-03-06 20:27:42,358 - INFO - Usu·rio Jo„o Silva deslogou manualmente.
2026-03-06 20:27:42,359 - INFO - Sistema encerrado pelo usu·rio ou por inatividade.
2026-03-06 20:27:42,359 - INFO - Hardware simulado finalizado.
2026-03-06 20:27:42,416 - WARNING - Hardware real n„o conectado. Recaindo para o modo simulador.
2026-03-06 20:27:42,439 - INFO - Sistema inicializado com usu·rios de exemplo.
2026-03-06 20:27:45,983 - INFO - Cart„o validado: Jo„o Silva (1234)
2026-03-06 20:28:23,567 - INFO - Cart„o validado: Jo„o Silva (1234)
2026-03-06 20:28:24,068 - INFO - Gaveta 1 aberta por Jo„o Silva (1234)
2026-03-06 20:28:24,068 - INFO - PossÌvel retirada de peÁas da Gaveta 1 por Jo„o Silva
2026-03-06 20:28:24,078 - INFO - DevoluÁ„o registrada: 1 unidades para retirada 23
2026-03-06 20:29:42,669 - INFO - Usu·rio deslogado por inatividade.
2026-03-06 20:30:45,508 - INFO - Sistema encerrado pelo usu·rio ou por inatividade.
2026-03-06 20:30:45,508 - INFO - Hardware simulado finalizado.
2026-03-06 20:30:45,560 - WARNING - Hardware real n„o conectado. Recaindo para o modo simulador.
2026-03-06 20:30:45,589 - INFO - Sistema inicializado com usu·rios de exemplo.
2026-03-06 20:30:49,760 - INFO - Cart„o validado: Jo„o Silva (1234)
2026-03-06 20:31:41,405 - INFO - Cart„o validado: Jo„o Silva (1234)
2026-03-06 20:31:41,906 - INFO - Gaveta 5 aberta por Jo„o Silva (1234)
2026-03-06 20:31:41,906 - INFO - PossÌvel retirada de peÁas da Gaveta 5 por Jo„o Silva
2026-03-06 20:31:41,929 - INFO - DevoluÁ„o registrada: 1 unidades para retirada 24
2026-03-06 20:31:49,990 - INFO - Cart„o validado: Jo„o Silva (1234)
2026-03-06 20:31:50,490 - INFO - Gaveta 1 aberta por Jo„o Silva (1234)
2026-03-06 20:31:50,490 - INFO - PossÌvel retirada de peÁas da Gaveta 1 por Jo„o Silva
2026-03-06 20:31:50,533 - INFO - DevoluÁ„o registrada: 1 unidades para retirada 14
2026-03-06 20:31:58,150 - INFO - Cart„o validado: Jo„o Silva (1234)
2026-03-06 20:31:58,151 - INFO - Gaveta 5 j· est· aberta ou bloqueada, n„o pode abrir novamente.
2026-03-06 20:32:11,429 - INFO - Usu·rio Jo„o Silva deslogou manualmente.
2026-03-06 20:32:11,429 - INFO - Sistema encerrado pelo usu·rio ou por inatividade.
2026-03-06 20:32:11,429 - INFO - Hardware simulado finalizado.
2026-03-06 20:32:11,488 - WARNING - Hardware real n„o conectado. Recaindo para o modo simulador.
2026-03-06 20:32:11,511 - INFO - Sistema inicializado com usu·rios de exemplo.
2026-03-06 20:32:17,198 - INFO - Cart„o validado: Jo„o Silva (1234)
2026-03-06 20:32:24,542 - INFO - Cart„o validado: Jo„o Silva (1234)
2026-03-06 20:32:25,042 - INFO - Gaveta 5 aberta por Jo„o Silva (1234)
2026-03-06 20:32:25,042 - INFO - PossÌvel retirada de peÁas da Gaveta 5 por Jo„o Silva
2026-03-06 20:32:25,067 - INFO - DevoluÁ„o registrada: 1 unidades para retirada 13
2026-03-06 20:33:42,254 - INFO - Usu·rio deslogado por inatividade.
2026-03-06 20:36:18,770 - INFO - Sistema encerrado pelo usu·rio ou por inatividade.
2026-03-06 20:36:18,771 - INFO - Hardware simulado finalizado.
2026-03-06 20:36:18,826 - WARNING - Hardware real n„o conectado. Recaindo para o modo simulador.
2026-03-06 20:36:18,849 - INFO - Sistema inicializado com usu·rios de exemplo.
2026-03-06 20:36:22,005 - INFO - Cart„o validado: Jo„o Silva (1234)
2026-03-06 20:37:12,314 - INFO - Usu·rio deslogado por inatividade.
2026-03-06 20:37:23,654 - WARNING - Gaveta 1 aberta h· mais de 10 minutos por Jo„o Silva. Favor fechar!
2026-03-06 20:37:23,657 - WARNING - Gaveta 5 aberta h· mais de 10 minutos por Jo„o Silva. Favor fechar!
2026-03-06 20:37:32,690 - INFO - Sistema encerrado pelo usu·rio ou por inatividade.
2026-03-06 20:37:32,690 - INFO - Hardware simulado finalizado.
2026-03-06 20:37:32,757 - WARNING - Hardware real n„o conectado. Recaindo para o modo simulador.
2026-03-06 20:37:32,778 - INFO - Sistema inicializado com usu·rios de exemplo.
2026-03-06 20:37:37,333 - INFO - Cart„o validado: Jo„o Silva (1234)
2026-03-06 20:38:27,640 - INFO - Usu·rio deslogado por inatividade.
2026-03-06 20:38:32,460 - WARNING - Gaveta 1 aberta h· mais de 10 minutos por Jo„o Silva. Favor fechar!
2026-03-06 20:38:34,392 - INFO - Sistema encerrado pelo usu·rio ou por inatividade.
2026-03-06 20:38:34,393 - INFO - Hardware simulado finalizado.
2026-03-06 20:38:34,467 - WARNING - Hardware real n„o conectado. Recaindo para o modo simulador.
2026-03-06 20:38:34,489 - INFO - Sistema inicializado com usu·rios de exemplo.
2026-03-06 20:38:38,852 - INFO - Cart„o validado: Jo„o Silva (1234)
2026-03-06 20:41:45,596 - WARNING - Gaveta 5 aberta h· mais de 10 minutos por Jo„o Silva. Favor fechar!
2026-03-06 20:41:55,598 - WARNING - Gaveta 1 aberta h· mais de 10 minutos por Jo„o Silva. Favor fechar!
2026-03-06 20:42:16,037 - INFO - Cart„o validado: Jo„o Silva (1234)
2026-03-06 20:42:16,538 - INFO - Gaveta 1 aberta por Jo„o Silva (1234)
2026-03-06 20:42:16,538 - INFO - PossÌvel retirada de peÁas da Gaveta 1 por Jo„o Silva
2026-03-06 20:42:16,564 - INFO - Retirada registrada: 1 unidades da peÁa 5 por usu·rio 1234
2026-03-06 20:42:31,526 - WARNING - Gaveta 5 aberta h· mais de 10 minutos por Jo„o Silva. Favor fechar!
2026-03-06 20:42:34,259 - INFO - Cart„o validado: Jo„o Silva (1234)
2026-03-06 20:42:34,759 - INFO - Gaveta 5 aberta por Jo„o Silva (1234)
2026-03-06 20:42:34,760 - INFO - PossÌvel retirada de peÁas da Gaveta 5 por Jo„o Silva
2026-03-06 20:42:34,772 - INFO - Retirada registrada: 1 unidades da peÁa 73 por usu·rio 1234
2026-03-06 20:42:59,105 - INFO - Cart„o validado: Jo„o Silva (1234)
2026-03-06 20:42:59,105 - ERROR - Erro ao abrir gaveta 6: Gaveta inexistente no hardware
2026-03-06 20:43:15,848 - INFO - Cart„o validado: Jo„o Silva (1234)
2026-03-06 20:43:15,848 - ERROR - Erro ao abrir gaveta 7: Gaveta inexistente no hardware
2026-03-06 20:43:26,649 - INFO - Cart„o validado: Jo„o Silva (1234)
2026-03-06 20:43:26,649 - ERROR - Erro ao abrir gaveta 7: Gaveta inexistente no hardware
2026-03-06 20:45:47,120 - INFO - Usu·rio deslogado por inatividade.
2026-03-06 20:46:36,912 - INFO - Sistema encerrado pelo usu·rio ou por inatividade.
2026-03-06 20:46:36,912 - INFO - Hardware simulado finalizado.
2026-03-06 20:46:36,975 - WARNING - Hardware real n„o conectado. Recaindo para o modo simulador.
2026-03-06 20:46:37,002 - INFO - Sistema inicializado com usu·rios de exemplo.
2026-03-06 20:46:41,492 - INFO - Cart„o validado: Jo„o Silva (1234)
2026-03-06 20:48:22,819 - INFO - Usu·rio deslogado por inatividade.
2026-03-06 20:49:02,369 - INFO - Sistema encerrado pelo usu·rio ou por inatividade.
2026-03-06 20:49:02,369 - INFO - Hardware simulado finalizado.
2026-03-06 20:49:02,435 - WARNING - Hardware real n„o conectado. Recaindo para o modo simulador.
2026-03-06 20:49:02,457 - INFO - Sistema inicializado com usu·rios de exemplo.
2026-03-06 20:49:10,770 - INFO - Cart„o validado: Jo„o Silva (1234)
2026-03-06 20:50:04,046 - INFO - Usu·rio deslogado por inatividade.
2026-03-06 20:52:24,508 - WARNING - Gaveta 1 aberta h· mais de 10 minutos por Jo„o Silva. Favor fechar!
2026-03-06 20:52:44,514 - WARNING - Gaveta 5 aberta h· mais de 10 minutos por Jo„o Silva. Favor fechar!
2026-03-06 20:58:11,244 - INFO - Sistema encerrado pelo usu·rio ou por inatividade.
2026-03-06 20:58:11,245 - INFO - Hardware simulado finalizado.
2026-03-06 20:58:11,300 - WARNING - Hardware real n„o conectado. Recaindo para o modo simulador.
2026-03-06 20:58:11,323 - INFO - Sistema inicializado com usu·rios de exemplo.
2026-03-06 20:58:15,951 - INFO - Cart„o validado: Jo„o Silva (1234)
2026-03-06 21:00:20,480 - INFO - Usu·rio deslogado por inatividade.
2026-03-06 21:03:30,492 - INFO - Sistema encerrado pelo usu·rio ou por inatividade.
2026-03-06 21:03:30,492 - INFO - Hardware simulado finalizado.
2026-03-06 21:03:30,569 - WARNING - Hardware real n„o conectado. Recaindo para o modo simulador.
2026-03-06 21:03:30,595 - INFO - Sistema inicializado com usu·rios de exemplo.
2026-03-06 21:07:11,750 - INFO - Cart„o validado: Jo„o Silva (1234)
2026-03-06 21:08:55,375 - INFO - Usu·rio deslogado por inatividade.
2026-03-06 21:32:55,667 - INFO - Iniciando em MODO SIMULADOR.
2026-03-06 21:32:55,694 - INFO - Sistema inicializado com usu·rios de exemplo.
2026-03-06 21:34:14,403 - INFO - Cart„o validado: Jo„o Silva (1234)
2026-03-06 21:34:30,234 - INFO - Cart„o validado: Jo„o Silva (1234)
2026-03-06 21:34:30,735 - INFO - Gaveta 1 aberta por Jo„o Silva (1234)
2026-03-06 21:34:30,736 - INFO - PossÌvel retirada de peÁas da Gaveta 1 por Jo„o Silva
2026-03-06 21:34:30,772 - INFO - Retirada registrada: 1 unidades da peÁa 1 por usu·rio 1234
2026-03-06 21:34:37,947 - INFO - Cart„o validado: Jo„o Silva (1234)
2026-03-06 21:34:38,448 - INFO - Gaveta 5 aberta por Jo„o Silva (1234)
2026-03-06 21:34:38,448 - INFO - PossÌvel retirada de peÁas da Gaveta 5 por Jo„o Silva
2026-03-06 21:34:38,473 - INFO - DevoluÁ„o registrada: 1 unidades para retirada 26
2026-03-06 21:34:50,709 - INFO - Cart„o validado: Jo„o Silva (1234)
2026-03-06 21:34:50,709 - INFO - Gaveta 1 j· est· aberta ou bloqueada, n„o pode abrir novamente.
2026-03-06 21:34:56,986 - INFO - Usu·rio Jo„o Silva deslogou manualmente.
2026-03-06 21:34:56,986 - INFO - Sistema encerrado pelo usu·rio ou por inatividade.
2026-03-06 21:34:56,986 - INFO - Hardware simulado finalizado.
2026-03-06 21:34:57,442 - INFO - Iniciando em MODO SIMULADOR.
2026-03-06 21:34:57,463 - INFO - Sistema inicializado com usu·rios de exemplo.
2026-03-06 21:34:59,728 - INFO - Nenhum usu·rio autenticado. Encerrando o sistema.
2026-03-06 21:34:59,728 - INFO - Hardware simulado finalizado.
2026-03-06 21:35:15,713 - INFO - Iniciando em MODO SIMULADOR.
2026-03-06 21:35:15,735 - INFO - Sistema inicializado com usu·rios de exemplo.
2026-03-06 21:35:21,833 - INFO - Nenhum usu·rio autenticado. Encerrando o sistema.
2026-03-06 21:35:21,833 - INFO - Hardware simulado finalizado.
