2025-10-09 19:33:42,226 - WARNING - Hardware real não conectado. Recaindo para o modo simulador.
2025-10-09 19:33:42,250 - INFO - Sistema inicializado com usuários de exemplo.
2025-10-09 19:47:07,521 - INFO - Nenhum usuário autenticado. Encerrando o sistema.
2025-10-09 19:47:07,522 - INFO - Hardware simulado finalizado.
2025-10-09 19:47:11,979 - WARNING - Hardware real não conectado. Recaindo para o modo simulador.
2025-10-09 19:47:11,997 - INFO - Sistema inicializado com usuários de exemplo.
2025-10-09 19:49:30,389 - INFO - Cartão validado: João Silva (1234)
2025-10-09 19:50:58,488 - INFO - Usuário deslogado por inatividade.
2025-10-09 19:52:30,479 - INFO - Sistema encerrado pelo usuário ou por inatividade.
2025-10-09 19:52:30,479 - INFO - Hardware simulado finalizado.
2025-10-09 19:52:30,531 - WARNING - Hardware real não conectado. Recaindo para o modo simulador.
2025-10-09 19:52:30,559 - INFO - Sistema inicializado com usuários de exemplo.
2025-10-09 19:53:01,298 - INFO - Cartão validado: Samuel (F2980B20)
2025-10-09 19:53:24,192 - INFO - Usuário deslogado por inatividade.
2025-10-09 19:53:26,945 - INFO - Sistema encerrado pelo usuário ou por inatividade.
2025-10-09 19:53:26,945 - INFO - Hardware simulado finalizado.
2025-10-09 19:53:27,004 - WARNING - Hardware real não conectado. Recaindo para o modo simulador.
2025-10-09 19:53:27,030 - INFO - Sistema inicializado com usuários de exemplo.
2025-10-09 19:56:09,492 - INFO - Nenhum usuário autenticado. Encerrando o sistema.
2025-10-09 19:56:09,492 - INFO - Hardware simulado finalizado.
2025-10-09 19:56:18,466 - WARNING - Hardware real não conectado. Recaindo para o modo simulador.
2025-10-09 19:56:18,487 - INFO - Sistema inicializado com usuários de exemplo.
2025-10-09 19:56:37,943 - INFO - Cartão validado: João Silva (1234)
2025-10-09 19:56:51,470 - INFO - Usuário deslogado por inatividade.
2025-10-09 19:57:03,687 - INFO - Sistema encerrado pelo usuário ou por inatividade.
2025-10-09 19:57:03,687 - INFO - Hardware simulado finalizado.
2025-10-09 19:57:03,733 - WARNING - Hardware real não conectado. Recaindo para o modo simulador.
2025-10-09 19:57:03,756 - INFO - Sistema inicializado com usuários de exemplo.
2025-10-09 19:57:45,549 - INFO - Cartão validado: Samuel (F2980B20)
2025-10-09 19:58:05,552 - INFO - Usuário deslogado por inatividade.
2025-10-09 19:58:13,564 - INFO - Sistema encerrado pelo usuário ou por inatividade.
2025-10-09 19:58:13,566 - INFO - Hardware simulado finalizado.
2025-10-09 19:58:13,623 - WARNING - Hardware real não conectado. Recaindo para o modo simulador.
2025-10-09 19:58:13,646 - INFO - Sistema inicializado com usuários de exemplo.
2025-10-09 19:58:38,107 - INFO - Cartão validado: Samuel (F2980B20)
2025-10-09 19:58:59,436 - INFO - Usuário deslogado por inatividade.
2025-10-09 19:59:13,394 - INFO - Sistema encerrado pelo usuário ou por inatividade.
2025-10-09 19:59:13,394 - INFO - Hardware simulado finalizado.
2025-10-09 19:59:13,478 - WARNING - Hardware real não conectado. Recaindo para o modo simulador.
2025-10-09 19:59:13,504 - INFO - Sistema inicializado com usuários de exemplo.
2025-10-09 20:03:54,237 - INFO - Cartão validado: João Silva (1234)
2025-10-09 20:04:31,242 - INFO - Usuário deslogado por inatividade.
2025-10-09 20:27:18,723 - INFO - Sistema encerrado pelo usuário ou por inatividade.
2025-10-09 20:27:18,723 - INFO - Hardware simulado finalizado.
2025-10-09 20:27:18,788 - WARNING - Hardware real não conectado. Recaindo para o modo simulador.
2025-10-09 20:27:18,814 - INFO - Sistema inicializado com usuários de exemplo.
2025-10-09 20:33:42,349 - INFO - Cartão validado: João Silva (1234)
2025-10-09 20:34:42,051 - INFO - MODO MANUTENÇÃO: Admin João Silva abrindo todas as gavetas.
2025-10-09 20:34:47,026 - INFO - Usuário deslogado por inatividade.
2025-10-09 20:34:49,929 - INFO - Sistema encerrado pelo usuário ou por inatividade.
2025-10-09 20:34:49,929 - INFO - Hardware simulado finalizado.
2025-10-09 20:34:50,014 - WARNING - Hardware real não conectado. Recaindo para o modo simulador.
2025-10-09 20:34:50,041 - INFO - Sistema inicializado com usuários de exemplo.
2025-10-09 20:34:56,125 - INFO - Cartão validado: João Silva (1234)
2025-10-09 20:35:59,559 - INFO - Usuário deslogado por inatividade.
2025-10-09 20:37:40,781 - INFO - Sistema encerrado pelo usuário ou por inatividade.
2025-10-09 20:37:40,781 - INFO - Hardware simulado finalizado.
2025-10-09 20:37:40,843 - WARNING - Hardware real não conectado. Recaindo para o modo simulador.
2025-10-09 20:37:40,865 - INFO - Sistema inicializado com usuários de exemplo.
2025-10-09 20:37:53,350 - INFO - Cartão validado: João Silva (1234)
2025-10-09 20:38:36,882 - INFO - Usuário deslogado por inatividade.
2025-10-09 20:40:44,647 - INFO - Sistema encerrado pelo usuário ou por inatividade.
2025-10-09 20:40:44,647 - INFO - Hardware simulado finalizado.
2025-10-09 20:40:44,682 - WARNING - Hardware real não conectado. Recaindo para o modo simulador.
2025-10-09 20:40:44,710 - INFO - Sistema inicializado com usuários de exemplo.
2025-10-09 20:40:49,800 - INFO - Cartão validado: João Silva (1234)
2025-10-09 20:41:43,350 - INFO - Usuário deslogado por inatividade.
2025-10-09 20:41:47,863 - INFO - Sistema encerrado pelo usuário ou por inatividade.
2025-10-09 20:41:47,863 - INFO - Hardware simulado finalizado.
2025-10-09 20:41:47,924 - WARNING - Hardware real não conectado. Recaindo para o modo simulador.
2025-10-09 20:41:47,950 - INFO - Sistema inicializado com usuários de exemplo.
2025-10-09 20:41:56,703 - INFO - Cartão validado: João Silva (1234)
2025-10-09 20:42:13,415 - INFO - Cartão validado: João Silva (1234)
2025-10-09 20:42:22,103 - WARNING - Cartão inválido/não autorizado: 8889
2025-10-09 20:43:30,451 - INFO - Usuário deslogado por inatividade.
2025-10-09 20:43:32,418 - INFO - Sistema encerrado pelo usuário ou por inatividade.
2025-10-09 20:43:32,418 - INFO - Hardware simulado finalizado.
2025-10-09 20:43:32,493 - WARNING - Hardware real não conectado. Recaindo para o modo simulador.
2025-10-09 20:43:32,521 - INFO - Sistema inicializado com usuários de exemplo.
2025-10-09 20:44:48,855 - WARNING - Gaveta 1 aberta há mais de 10 minutos por João Silva. Favor fechar!
2025-10-09 20:44:48,855 - WARNING - Gaveta 2 aberta há mais de 10 minutos por João Silva. Favor fechar!
2025-10-09 20:44:48,855 - WARNING - Gaveta 3 aberta há mais de 10 minutos por João Silva. Favor fechar!
2025-10-09 20:44:48,855 - WARNING - Gaveta 4 aberta há mais de 10 minutos por João Silva. Favor fechar!
2025-10-09 20:44:48,864 - WARNING - Gaveta 5 aberta há mais de 10 minutos por João Silva. Favor fechar!
2025-10-09 20:51:26,029 - INFO - Cartão validado: João Silva (1234)
2025-10-09 20:51:46,521 - INFO - Usuário deslogado por inatividade.
2025-10-09 20:51:48,124 - INFO - Sistema encerrado pelo usuário ou por inatividade.
2025-10-09 20:51:48,124 - INFO - Hardware simulado finalizado.
2025-10-09 20:51:48,153 - WARNING - Hardware real não conectado. Recaindo para o modo simulador.
2025-10-09 20:51:48,173 - INFO - Sistema inicializado com usuários de exemplo.
2025-10-09 20:51:54,796 - INFO - Cartão validado: João Silva (1234)
2025-10-09 20:52:09,882 - INFO - Usuário deslogado por inatividade.
2025-10-09 20:52:12,501 - INFO - Sistema encerrado pelo usuário ou por inatividade.
2025-10-09 20:52:12,501 - INFO - Hardware simulado finalizado.
2025-10-09 20:52:12,579 - WARNING - Hardware real não conectado. Recaindo para o modo simulador.
2025-10-09 20:52:12,601 - INFO - Sistema inicializado com usuários de exemplo.
2025-10-09 20:54:24,276 - INFO - Cartão validado: João Silva (1234)
2025-10-09 20:54:55,024 - INFO - Usuário deslogado por inatividade.
2025-10-09 20:54:56,745 - INFO - Sistema encerrado pelo usuário ou por inatividade.
2025-10-09 20:54:56,745 - INFO - Hardware simulado finalizado.
2025-10-09 20:54:56,803 - WARNING - Hardware real não conectado. Recaindo para o modo simulador.
2025-10-09 20:54:56,824 - INFO - Sistema inicializado com usuários de exemplo.
2025-10-09 20:57:46,489 - INFO - Nenhum usuário autenticado. Encerrando o sistema.
2025-10-09 20:57:46,489 - INFO - Hardware simulado finalizado.
2025-10-09 20:57:58,371 - WARNING - Hardware real não conectado. Recaindo para o modo simulador.
2025-10-09 20:57:58,393 - INFO - Sistema inicializado com usuários de exemplo.
2025-10-09 20:58:03,497 - INFO - Cartão validado: João Silva (1234)
2025-10-09 20:58:28,104 - INFO - Usuário deslogado por inatividade.
2025-10-09 20:59:07,981 - INFO - Sistema encerrado pelo usuário ou por inatividade.
2025-10-09 20:59:07,981 - INFO - Hardware simulado finalizado.
2025-10-09 20:59:08,040 - WARNING - Hardware real não conectado. Recaindo para o modo simulador.
2025-10-09 20:59:08,064 - INFO - Sistema inicializado com usuários de exemplo.
2025-10-09 20:59:12,550 - INFO - Cartão validado: João Silva (1234)
2025-10-09 20:59:27,661 - INFO - Usuário deslogado por inatividade.
2025-10-09 20:59:29,866 - INFO - Sistema encerrado pelo usuário ou por inatividade.
2025-10-09 20:59:29,866 - INFO - Hardware simulado finalizado.
2025-10-09 20:59:29,909 - WARNING - Hardware real não conectado. Recaindo para o modo simulador.
2025-10-09 20:59:29,929 - INFO - Sistema inicializado com usuários de exemplo.
2025-10-09 21:05:39,368 - INFO - Cartão validado: João Silva (1234)
2025-10-09 21:06:48,722 - INFO - Usuário deslogado por inatividade.
2025-10-09 21:15:44,941 - INFO - Sistema encerrado pelo usuário ou por inatividade.
2025-10-09 21:15:44,941 - INFO - Hardware simulado finalizado.
2025-10-09 21:15:45,005 - WARNING - Hardware real não conectado. Recaindo para o modo simulador.
2025-10-09 21:15:45,030 - INFO - Sistema inicializado com usuários de exemplo.
2025-10-09 21:24:56,413 - INFO - Cartão validado: João Silva (1234)
2025-10-09 21:26:12,829 - INFO - Usuário deslogado por inatividade.
2025-10-09 21:27:11,414 - INFO - Sistema encerrado pelo usuário ou por inatividade.
2025-10-09 21:27:11,414 - INFO - Hardware simulado finalizado.
2025-10-09 21:27:11,459 - WARNING - Hardware real não conectado. Recaindo para o modo simulador.
2025-10-09 21:27:11,483 - INFO - Sistema inicializado com usuários de exemplo.
2025-10-09 21:27:22,272 - INFO - Cartão validado: João Silva (1234)
2025-10-09 21:27:46,477 - INFO - Usuário deslogado por inatividade.
2025-10-09 21:27:49,057 - INFO - Sistema encerrado pelo usuário ou por inatividade.
2025-10-09 21:27:49,057 - INFO - Hardware simulado finalizado.
2025-10-09 21:27:49,128 - WARNING - Hardware real não conectado. Recaindo para o modo simulador.
2025-10-09 21:27:49,145 - INFO - Sistema inicializado com usuários de exemplo.
2025-10-09 21:27:53,773 - INFO - Cartão validado: João Silva (1234)
2025-10-09 21:28:34,313 - INFO - Usuário deslogado por inatividade.
2025-10-09 21:28:46,376 - INFO - Sistema encerrado pelo usuário ou por inatividade.
2025-10-09 21:28:46,376 - INFO - Hardware simulado finalizado.
2025-10-09 21:28:46,424 - WARNING - Hardware real não conectado. Recaindo para o modo simulador.
2025-10-09 21:28:46,446 - INFO - Sistema inicializado com usuários de exemplo.
2025-10-09 21:29:15,699 - INFO - Cartão validado: João Silva (1234)
2025-10-09 21:29:52,110 - INFO - Usuário deslogado por inatividade.
2025-10-09 21:30:11,537 - INFO - Sistema encerrado pelo usuário ou por inatividade.
2025-10-09 21:30:11,537 - INFO - Hardware simulado finalizado.
2025-10-09 21:30:11,598 - WARNING - Hardware real não conectado. Recaindo para o modo simulador.
2025-10-09 21:30:11,622 - INFO - Sistema inicializado com usuários de exemplo.
2025-10-09 21:31:21,863 - INFO - Cartão validado: João Silva (1234)
2025-10-09 21:32:50,467 - INFO - Cartão validado: João Silva (1234)
2025-10-09 21:32:50,969 - INFO - Gaveta 4 aberta por João Silva (1234)
2025-10-09 21:32:50,969 - INFO - Possível retirada de peças da Gaveta 4 por João Silva
2025-10-09 21:33:00,890 - INFO - Retirada registrada: 1 unidades da peça 22 por usuário 1234
2025-10-09 21:33:03,081 - INFO - Gaveta 4 fechada
2025-10-09 21:33:03,081 - INFO - Possível devolução de peças da Gaveta 4
2025-10-09 21:33:17,010 - INFO - Usuário deslogado por inatividade.
2025-10-09 21:33:24,320 - INFO - Sistema encerrado pelo usuário ou por inatividade.
2025-10-09 21:33:24,320 - INFO - Hardware simulado finalizado.
2025-10-09 21:33:24,383 - WARNING - Hardware real não conectado. Recaindo para o modo simulador.
2025-10-09 21:33:24,411 - INFO - Sistema inicializado com usuários de exemplo.
2025-10-09 21:33:31,710 - INFO - Cartão validado: João Silva (1234)
2025-10-09 21:33:50,249 - INFO - Usuário deslogado por inatividade.
2025-10-09 21:33:57,151 - INFO - Sistema encerrado pelo usuário ou por inatividade.
2025-10-09 21:33:57,151 - INFO - Hardware simulado finalizado.
2025-10-09 21:33:57,208 - WARNING - Hardware real não conectado. Recaindo para o modo simulador.
2025-10-09 21:33:57,235 - INFO - Sistema inicializado com usuários de exemplo.
2025-10-09 21:34:03,033 - INFO - Cartão validado: João Silva (1234)
2025-10-09 21:34:14,512 - INFO - Cartão validado: João Silva (1234)
2025-10-09 21:34:15,014 - INFO - Gaveta 2 aberta por João Silva (1234)
2025-10-09 21:34:15,014 - INFO - Possível retirada de peças da Gaveta 2 por João Silva
2025-10-09 21:34:27,186 - INFO - Retirada registrada: 1 unidades da peça 25 por usuário 1234
2025-10-09 21:34:29,002 - INFO - Gaveta 2 fechada
2025-10-09 21:34:29,002 - INFO - Possível devolução de peças da Gaveta 2
2025-10-09 21:34:54,438 - INFO - Usuário deslogado por inatividade.
2025-10-09 21:34:58,049 - INFO - Sistema encerrado pelo usuário ou por inatividade.
2025-10-09 21:34:58,049 - INFO - Hardware simulado finalizado.
2025-10-09 21:34:58,106 - WARNING - Hardware real não conectado. Recaindo para o modo simulador.
2025-10-09 21:34:58,135 - INFO - Sistema inicializado com usuários de exemplo.
2025-10-09 21:35:02,715 - WARNING - Cartão inválido/não autorizado: 12342
2025-10-09 21:35:09,684 - INFO - Cartão validado: João Silva (1234)
2025-10-09 21:35:24,331 - INFO - Usuário deslogado por inatividade.
2025-10-09 21:35:25,749 - INFO - Sistema encerrado pelo usuário ou por inatividade.
2025-10-09 21:35:25,749 - INFO - Hardware simulado finalizado.
2025-10-09 21:35:25,793 - WARNING - Hardware real não conectado. Recaindo para o modo simulador.
2025-10-09 21:35:25,818 - INFO - Sistema inicializado com usuários de exemplo.
2025-10-09 21:35:31,958 - INFO - Cartão validado: João Silva (1234)
2025-10-09 21:36:26,366 - INFO - Usuário deslogado por inatividade.
2025-10-09 21:36:32,043 - INFO - Sistema encerrado pelo usuário ou por inatividade.
2025-10-09 21:36:32,043 - INFO - Hardware simulado finalizado.
2025-10-09 21:36:32,102 - WARNING - Hardware real não conectado. Recaindo para o modo simulador.
2025-10-09 21:36:32,127 - INFO - Sistema inicializado com usuários de exemplo.
2025-10-09 21:36:34,754 - WARNING - Cartão inválido/não autorizado: 123
2025-10-09 21:36:39,593 - INFO - Cartão validado: João Silva (1234)
2025-10-09 21:36:56,074 - INFO - Usuário deslogado por inatividade.
2025-10-09 21:36:58,681 - INFO - Sistema encerrado pelo usuário ou por inatividade.
2025-10-09 21:36:58,681 - INFO - Hardware simulado finalizado.
2025-10-09 21:36:58,737 - WARNING - Hardware real não conectado. Recaindo para o modo simulador.
2025-10-09 21:36:58,763 - INFO - Sistema inicializado com usuários de exemplo.
2025-10-09 21:37:03,274 - INFO - Cartão validado: João Silva (1234)
2025-10-09 21:37:20,319 - WARNING - Cartão inválido/não autorizado: 9966
2025-10-09 21:37:27,116 - WARNING - Cartão inválido/não autorizado: 9966
2025-10-09 21:37:30,171 - WARNING - Cartão inválido/não autorizado: 9966
2025-10-09 21:37:49,325 - WARNING - Cartão inválido/não autorizado: 9955
2025-10-09 21:37:59,253 - INFO - Usuário deslogado por inatividade.
2025-10-09 21:38:18,812 - INFO - Sistema encerrado pelo usuário ou por inatividade.
2025-10-09 21:38:18,812 - INFO - Hardware simulado finalizado.
2025-10-09 21:38:18,876 - WARNING - Hardware real não conectado. Recaindo para o modo simulador.
2025-10-09 21:38:18,896 - INFO - Sistema inicializado com usuários de exemplo.
2025-10-09 21:38:20,315 - INFO - Nenhum usuário autenticado. Encerrando o sistema.
2025-10-09 21:38:20,315 - INFO - Hardware simulado finalizado.
2025-10-09 21:38:26,175 - WARNING - Hardware real não conectado. Recaindo para o modo simulador.
2025-10-09 21:38:26,202 - INFO - Sistema inicializado com usuários de exemplo.
2025-10-09 21:38:31,130 - INFO - Cartão validado: João Silva (1234)
2025-10-09 21:38:44,518 - WARNING - Cartão inválido/não autorizado: 6655
2025-10-09 21:38:54,427 - INFO - Usuário deslogado por inatividade.
2025-10-09 21:38:57,896 - INFO - Sistema encerrado pelo usuário ou por inatividade.
2025-10-09 21:38:57,896 - INFO - Hardware simulado finalizado.
2025-10-09 21:38:57,972 - WARNING - Hardware real não conectado. Recaindo para o modo simulador.
2025-10-09 21:38:57,998 - INFO - Sistema inicializado com usuários de exemplo.
2025-10-09 21:39:01,095 - INFO - Nenhum usuário autenticado. Encerrando o sistema.
2025-10-09 21:39:01,095 - INFO - Hardware simulado finalizado.
